iter num 0 global dis is 3.982206
iter num 1 global dis is 3.909439
iter num 2 global dis is 3.801148
iter num 3 global dis is 3.695377
iter num 4 global dis is 3.592544
iter num 5 global dis is 3.492573
iter num 6 global dis is 3.395384
iter num 7 global dis is 3.298001
iter num 8 global dis is 3.201930
iter num 9 global dis is 3.160635
iter num 10 global dis is 3.017415
iter num 11 global dis is 3.076140
iter num 12 global dis is 2.843445
iter num 13 global dis is 2.996517
iter num 14 global dis is 2.679502
iter num 15 global dis is 2.921486
iter num 16 global dis is 2.525011
iter num 17 global dis is 2.850780
iter num 18 global dis is 2.379427
iter num 19 global dis is 2.784151
iter num 20 global dis is 2.242238
iter num 21 global dis is 2.721363
iter num 22 global dis is 2.112958
iter num 23 global dis is 2.662196
iter num 24 global dis is 1.991132
iter num 25 global dis is 2.606440
iter num 26 global dis is 1.876330
iter num 27 global dis is 2.553899
iter num 28 global dis is 1.768147
iter num 29 global dis is 2.504387
iter num 30 global dis is 1.666201
iter num 31 global dis is 2.457729
iter num 32 global dis is 1.570134
iter num 33 global dis is 2.413762
iter num 34 global dis is 1.479605
iter num 35 global dis is 2.372330
iter num 36 global dis is 1.394296
iter num 37 global dis is 2.333287
iter num 38 global dis is 1.313906
iter num 39 global dis is 2.296495
iter num 40 global dis is 1.238150
l proc rank 10 tell 11 lagging
rank 11 block!
recv lagging probe from rank 10
rescue rank 11
rank 11 be rescued by 10
rank 11 waiting for rank 10 to pick itself up
rank 11 revive!,current stage is 40
activate finish
iter num 41 global dis is 1.201927
iter num 42 global dis is 1.165805
iter num 43 global dis is 1.132195
iter num 44 global dis is 1.100442
iter num 45 global dis is 1.069770
iter num 46 global dis is 1.039991
iter num 47 global dis is 1.011049
iter num 48 global dis is 0.982914
iter num 49 global dis is 0.955562
iter num 50 global dis is 0.928971
iter num 51 global dis is 0.903121
iter num 52 global dis is 0.877989
iter num 53 global dis is 0.853557
iter num 54 global dis is 0.829805
iter num 55 global dis is 0.806714
iter num 56 global dis is 0.784265
iter num 57 global dis is 0.762441
iter num 58 global dis is 0.741224
iter num 59 global dis is 0.720598
iter num 60 global dis is 0.700546
iter num 61 global dis is 0.681051
iter num 62 global dis is 0.662099
iter num 63 global dis is 0.643675
iter num 64 global dis is 0.625763
iter num 65 global dis is 0.608350
iter num 66 global dis is 0.591421
iter num 67 global dis is 0.574964
iter num 68 global dis is 0.558964
iter num 69 global dis is 0.543409
iter num 70 global dis is 0.528288
iter num 71 global dis is 0.513587
iter num 72 global dis is 0.499295
iter num 73 global dis is 0.485401
iter num 74 global dis is 0.471894
iter num 75 global dis is 0.458762
iter num 76 global dis is 0.445996
iter num 77 global dis is 0.433585
iter num 78 global dis is 0.421520
iter num 79 global dis is 0.409790
iter num 80 global dis is 0.398387
iter num 81 global dis is 0.387301
iter num 82 global dis is 0.376523
iter num 83 global dis is 0.366045
iter num 84 global dis is 0.355859
iter num 85 global dis is 0.345957
iter num 86 global dis is 0.336330
iter num 87 global dis is 0.326970
iter num 88 global dis is 0.317872
iter num 89 global dis is 0.309026
iter num 90 global dis is 0.300427
iter num 91 global dis is 0.292067
iter num 92 global dis is 0.283939
iter num 93 global dis is 0.276038
iter num 94 global dis is 0.268357
iter num 95 global dis is 0.260889
iter num 96 global dis is 0.253629
iter num 97 global dis is 0.246571
iter num 98 global dis is 0.239710
iter num 99 global dis is 0.233039
iter num 100 global dis is 0.226555
iter num 101 global dis is 0.220250
iter num 102 global dis is 0.214121
iter num 103 global dis is 0.208163
iter num 104 global dis is 0.202370
iter num 105 global dis is 0.196739
iter num 106 global dis is 0.191264
iter num 107 global dis is 0.185942
iter num 108 global dis is 0.180767
iter num 109 global dis is 0.175737
iter num 110 global dis is 0.170847
iter num 111 global dis is 0.166093
iter num 112 global dis is 0.161471
iter num 113 global dis is 0.156977
iter num 114 global dis is 0.152609
iter num 115 global dis is 0.148362
iter num 116 global dis is 0.144234
iter num 117 global dis is 0.140220
iter num 118 global dis is 0.136318
iter num 119 global dis is 0.132525
iter num 120 global dis is 0.128837
iter num 121 global dis is 0.125252
iter num 122 global dis is 0.121767
iter num 123 global dis is 0.118378
iter num 124 global dis is 0.115084
iter num 125 global dis is 0.111881
iter num 126 global dis is 0.108768
iter num 127 global dis is 0.105741
iter num 128 global dis is 0.102799
iter num 129 global dis is 0.099938
iter num 130 global dis is 0.097157
iter num 131 global dis is 0.094454
iter num 132 global dis is 0.091825
iter num 133 global dis is 0.089270
iter num 134 global dis is 0.086786
iter num 135 global dis is 0.084371
iter num 136 global dis is 0.082023
iter num 137 global dis is 0.079741
iter num 138 global dis is 0.077522
iter num 139 global dis is 0.075364
iter num 140 global dis is 0.073267
iter num 141 global dis is 0.071228
iter num 142 global dis is 0.069246
iter num 143 global dis is 0.067319
iter num 144 global dis is 0.065446
iter num 145 global dis is 0.063625
iter num 146 global dis is 0.061854
iter num 147 global dis is 0.060133
iter num 148 global dis is 0.058460
iter num 149 global dis is 0.056833
iter num 150 global dis is 0.055251
iter num 151 global dis is 0.053714
iter num 152 global dis is 0.052219
iter num 153 global dis is 0.050766
iter num 154 global dis is 0.049353
iter num 155 global dis is 0.047980
iter num 156 global dis is 0.046645
iter num 157 global dis is 0.045347
iter num 158 global dis is 0.044085
iter num 159 global dis is 0.042858
iter num 160 global dis is 0.041666
iter num 161 global dis is 0.040506
iter num 162 global dis is 0.039379
iter num 163 global dis is 0.038283
iter num 164 global dis is 0.037218
iter num 165 global dis is 0.036182
iter num 166 global dis is 0.035175
iter num 167 global dis is 0.034196
iter num 168 global dis is 0.033245
iter num 169 global dis is 0.032320
iter num 170 global dis is 0.031420
iter num 171 global dis is 0.030546
iter num 172 global dis is 0.029696
iter num 173 global dis is 0.028870
iter num 174 global dis is 0.028066
iter num 175 global dis is 0.027285
iter num 176 global dis is 0.026526
iter num 177 global dis is 0.025788
iter num 178 global dis is 0.025070
iter num 179 global dis is 0.024373
iter num 180 global dis is 0.023694
iter num 181 global dis is 0.023035
iter num 182 global dis is 0.022394
iter num 183 global dis is 0.021771
iter num 184 global dis is 0.021165
iter num 185 global dis is 0.020576
iter num 186 global dis is 0.020004
iter num 187 global dis is 0.019447
iter num 188 global dis is 0.018906
iter num 189 global dis is 0.018380
iter num 190 global dis is 0.017868
iter num 191 global dis is 0.017371
iter num 192 global dis is 0.016888
iter num 193 global dis is 0.016418
iter num 194 global dis is 0.015961
iter num 195 global dis is 0.015517
iter num 196 global dis is 0.015085
iter num 197 global dis is 0.014665
iter num 198 global dis is 0.014257
iter num 199 global dis is 0.013860
iter num 200 global dis is 0.013475
iter num 201 global dis is 0.013100
iter num 202 global dis is 0.012735
iter num 203 global dis is 0.012381
iter num 204 global dis is 0.012036
iter num 205 global dis is 0.011701
iter num 206 global dis is 0.011376
iter num 207 global dis is 0.011059
iter num 208 global dis is 0.010751
iter num 209 global dis is 0.010452
iter num 210 global dis is 0.010161
iter num 211 global dis is 0.009879
iter num 212 global dis is 0.009604
iter num 213 global dis is 0.009336
iter num 214 global dis is 0.009077
iter num 215 global dis is 0.008824
iter num 216 global dis is 0.008578
iter num 217 global dis is 0.008340
iter num 218 global dis is 0.008108
iter num 219 global dis is 0.007882
iter num 220 global dis is 0.007663
iter num 221 global dis is 0.007449
iter num 222 global dis is 0.007242
iter num 223 global dis is 0.007041
iter num 224 global dis is 0.006845
iter num 225 global dis is 0.006654
iter num 226 global dis is 0.006469
iter num 227 global dis is 0.006289
iter num 228 global dis is 0.006114
iter num 229 global dis is 0.005944
iter num 230 global dis is 0.005779
iter num 231 global dis is 0.005618
iter num 232 global dis is 0.005461
iter num 233 global dis is 0.005309
iter num 234 global dis is 0.005162
iter num 235 global dis is 0.005018
iter num 236 global dis is 0.004878
iter num 237 global dis is 0.004743
iter num 238 global dis is 0.004611
iter num 239 global dis is 0.004482
iter num 240 global dis is 0.004358
iter num 241 global dis is 0.004236
iter num 242 global dis is 0.004118
iter num 243 global dis is 0.004004
iter num 244 global dis is 0.003892
iter num 245 global dis is 0.003784
iter num 246 global dis is 0.003679
iter num 247 global dis is 0.003576
iter num 248 global dis is 0.003477
iter num 249 global dis is 0.003380
iter num 250 global dis is 0.003286
iter num 251 global dis is 0.003195
iter num 252 global dis is 0.003106
iter num 253 global dis is 0.003019
iter num 254 global dis is 0.002935
iter num 255 global dis is 0.002854
iter num 256 global dis is 0.002774
iter num 257 global dis is 0.002697
iter num 258 global dis is 0.002622
iter num 259 global dis is 0.002549
iter num 260 global dis is 0.002478
iter num 261 global dis is 0.002409
iter num 262 global dis is 0.002342
iter num 263 global dis is 0.002277
iter num 264 global dis is 0.002214
iter num 265 global dis is 0.002152
iter num 266 global dis is 0.002092
iter num 267 global dis is 0.002034
iter num 268 global dis is 0.001977
iter num 269 global dis is 0.001922
iter num 270 global dis is 0.001869
iter num 271 global dis is 0.001817
iter num 272 global dis is 0.001766
iter num 273 global dis is 0.001717
iter num 274 global dis is 0.001669
iter num 275 global dis is 0.001623
iter num 276 global dis is 0.001578
iter num 277 global dis is 0.001534
iter num 278 global dis is 0.001491
iter num 279 global dis is 0.001450
iter num 280 global dis is 0.001409
iter num 281 global dis is 0.001370
iter num 282 global dis is 0.001332
iter num 283 global dis is 0.001295
iter num 284 global dis is 0.001259
iter num 285 global dis is 0.001224
iter num 286 global dis is 0.001190
iter num 287 global dis is 0.001157
iter num 288 global dis is 0.001124
iter num 289 global dis is 0.001093
iter num 290 global dis is 0.001063
iter num 291 global dis is 0.001033
iter num 292 global dis is 0.001004
iter num 293 global dis is 0.000976
iter num 294 global dis is 0.000949
iter num 295 global dis is 0.000923
iter num 296 global dis is 0.000897
iter num 297 global dis is 0.000872
iter num 298 global dis is 0.000848
iter num 299 global dis is 0.000824
iter num 300 global dis is 0.000801
iter num 301 global dis is 0.000779
iter num 302 global dis is 0.000757
iter num 303 global dis is 0.000736
iter num 304 global dis is 0.000716
iter num 305 global dis is 0.000696
iter num 306 global dis is 0.000677
iter num 307 global dis is 0.000658
iter num 308 global dis is 0.000639
iter num 309 global dis is 0.000622
iter num 310 global dis is 0.000604
iter num 311 global dis is 0.000588
iter num 312 global dis is 0.000571
iter num 313 global dis is 0.000555
iter num 314 global dis is 0.000540
iter num 315 global dis is 0.000525
iter num 316 global dis is 0.000510
iter num 317 global dis is 0.000496
iter num 318 global dis is 0.000482
iter num 319 global dis is 0.000469
iter num 320 global dis is 0.000456
iter num 321 global dis is 0.000443
iter num 322 global dis is 0.000431
iter num 323 global dis is 0.000419
iter num 324 global dis is 0.000407
iter num 325 global dis is 0.000396
iter num 326 global dis is 0.000385
iter num 327 global dis is 0.000374
iter num 328 global dis is 0.000364
iter num 329 global dis is 0.000354
iter num 330 global dis is 0.000344
iter num 331 global dis is 0.000334
iter num 332 global dis is 0.000325
iter num 333 global dis is 0.000316
iter num 334 global dis is 0.000307
iter num 335 global dis is 0.000298
iter num 336 global dis is 0.000290
iter num 337 global dis is 0.000282
iter num 338 global dis is 0.000274
iter num 339 global dis is 0.000267
iter num 340 global dis is 0.000259
iter num 341 global dis is 0.000252
iter num 342 global dis is 0.000245
iter num 343 global dis is 0.000238
iter num 344 global dis is 0.000232
iter num 345 global dis is 0.000225
iter num 346 global dis is 0.000219
iter num 347 global dis is 0.000213
iter num 348 global dis is 0.000207
iter num 349 global dis is 0.000201
iter num 350 global dis is 0.000195
iter num 351 global dis is 0.000190
iter num 352 global dis is 0.000185
iter num 353 global dis is 0.000180
iter num 354 global dis is 0.000175
iter num 355 global dis is 0.000170
iter num 356 global dis is 0.000165
iter num 357 global dis is 0.000160
iter num 358 global dis is 0.000156
iter num 359 global dis is 0.000152
iter num 360 global dis is 0.000147
iter num 361 global dis is 0.000143
iter num 362 global dis is 0.000139
iter num 363 global dis is 0.000135
iter num 364 global dis is 0.000132
iter num 365 global dis is 0.000128
iter num 366 global dis is 0.000124
iter num 367 global dis is 0.000121
iter num 368 global dis is 0.000118
iter num 369 global dis is 0.000114
iter num 370 global dis is 0.000111
iter num 371 global dis is 0.000108
iter num 372 global dis is 0.000105
iter num 373 global dis is 0.000102
iter num 374 global dis is 0.000099
iter num 375 global dis is 0.000097
iter num 376 global dis is 0.000094
iter num 377 global dis is 0.000091
iter num 378 global dis is 0.000089
iter num 379 global dis is 0.000086
iter num 380 global dis is 0.000084
iter num 381 global dis is 0.000081
iter num 382 global dis is 0.000079
iter num 383 global dis is 0.000077
iter num 384 global dis is 0.000075
iter num 385 global dis is 0.000073
iter num 386 global dis is 0.000071
iter num 387 global dis is 0.000069
iter num 388 global dis is 0.000067
iter num 389 global dis is 0.000065
iter num 390 global dis is 0.000063
iter num 391 global dis is 0.000061
iter num 392 global dis is 0.000060
iter num 393 global dis is 0.000058
iter num 394 global dis is 0.000056
iter num 395 global dis is 0.000055
iter num 396 global dis is 0.000053
iter num 397 global dis is 0.000052
iter num 398 global dis is 0.000050
iter num 399 global dis is 0.000049
iter num 400 global dis is 0.000048
iter num 401 global dis is 0.000046
iter num 402 global dis is 0.000045
iter num 403 global dis is 0.000044
iter num 404 global dis is 0.000043
iter num 405 global dis is 0.000041
iter num 406 global dis is 0.000040
iter num 407 global dis is 0.000039
iter num 408 global dis is 0.000038
iter num 409 global dis is 0.000037
iter num 410 global dis is 0.000036
iter num 411 global dis is 0.000035
iter num 412 global dis is 0.000034
iter num 413 global dis is 0.000033
iter num 414 global dis is 0.000032
iter num 415 global dis is 0.000031
iter num 416 global dis is 0.000030
iter num 417 global dis is 0.000030
iter num 418 global dis is 0.000029
iter num 419 global dis is 0.000028
iter num 420 global dis is 0.000027
iter num 421 global dis is 0.000026
iter num 422 global dis is 0.000026
iter num 423 global dis is 0.000025
iter num 424 global dis is 0.000024
iter num 425 global dis is 0.000024
iter num 426 global dis is 0.000023
iter num 427 global dis is 0.000022
iter num 428 global dis is 0.000022
iter num 429 global dis is 0.000021
iter num 430 global dis is 0.000020
iter num 431 global dis is 0.000020
iter num 432 global dis is 0.000019
iter num 433 global dis is 0.000019
iter num 434 global dis is 0.000018
iter num 435 global dis is 0.000018
iter num 436 global dis is 0.000017
iter num 437 global dis is 0.000017
iter num 438 global dis is 0.000016
iter num 439 global dis is 0.000016
iter num 440 global dis is 0.000015
iter num 441 global dis is 0.000015
iter num 442 global dis is 0.000015
iter num 443 global dis is 0.000014
iter num 444 global dis is 0.000014
iter num 445 global dis is 0.000013
iter num 446 global dis is 0.000013
iter num 447 global dis is 0.000013
iter num 448 global dis is 0.000012
iter num 449 global dis is 0.000012
iter num 450 global dis is 0.000012
iter num 451 global dis is 0.000011
iter num 452 global dis is 0.000011
iter num 453 global dis is 0.000011
iter num 454 global dis is 0.000010
iter num 455 global dis is 0.000010
iter num 456 global dis is 0.000010
iter num 457 global dis is 0.000010
iter num 458 global dis is 0.000009
iter num 459 global dis is 0.000009
iter num 460 global dis is 0.000009
iter num 461 global dis is 0.000009
iter num 462 global dis is 0.000008
iter num 463 global dis is 0.000008
iter num 464 global dis is 0.000008
iter num 465 global dis is 0.000008
iter num 466 global dis is 0.000007
iter num 467 global dis is 0.000007
iter num 468 global dis is 0.000007
iter num 469 global dis is 0.000007
iter num 470 global dis is 0.000007
iter num 471 global dis is 0.000006
iter num 472 global dis is 0.000006
iter num 473 global dis is 0.000006
iter num 474 global dis is 0.000006
iter num 475 global dis is 0.000006
iter num 476 global dis is 0.000006
iter num 477 global dis is 0.000005
iter num 478 global dis is 0.000005
iter num 479 global dis is 0.000005
iter num 480 global dis is 0.000005
iter num 481 global dis is 0.000005
iter num 482 global dis is 0.000005
iter num 483 global dis is 0.000005
iter num 484 global dis is 0.000004
iter num 485 global dis is 0.000004
iter num 486 global dis is 0.000004
iter num 487 global dis is 0.000004
iter num 488 global dis is 0.000004
iter num 489 global dis is 0.000004
iter num 490 global dis is 0.000004
iter num 491 global dis is 0.000004
iter num 492 global dis is 0.000004
iter num 493 global dis is 0.000003
iter num 494 global dis is 0.000003
iter num 495 global dis is 0.000003
iter num 496 global dis is 0.000003
iter num 497 global dis is 0.000003
iter num 498 global dis is 0.000003
iter num 499 global dis is 0.000003
iter num 500 global dis is 0.000003
iter num 501 global dis is 0.000003
iter num 502 global dis is 0.000003
iter num 503 global dis is 0.000003
iter num 504 global dis is 0.000003
iter num 505 global dis is 0.000002
iter num 506 global dis is 0.000002
iter num 507 global dis is 0.000002
iter num 508 global dis is 0.000002
iter num 509 global dis is 0.000002
iter num 510 global dis is 0.000002
iter num 511 global dis is 0.000002
iter num 512 global dis is 0.000002
iter num 513 global dis is 0.000002
iter num 514 global dis is 0.000002
iter num 515 global dis is 0.000002
iter num 516 global dis is 0.000002
iter num 517 global dis is 0.000002
iter num 518 global dis is 0.000002
iter num 519 global dis is 0.000002
iter num 520 global dis is 0.000002
iter num 521 global dis is 0.000002
iter num 522 global dis is 0.000002
iter num 523 global dis is 0.000001
iter num 524 global dis is 0.000001
iter num 525 global dis is 0.000001
iter num 526 global dis is 0.000001
iter num 527 global dis is 0.000001
iter num 528 global dis is 0.000001
iter num 529 global dis is 0.000001
iter num 530 global dis is 0.000001
iter num 531 global dis is 0.000001
iter num 532 global dis is 0.000001
iter num 533 global dis is 0.000001
iter num 534 global dis is 0.000001
iter num 535 global dis is 0.000001
iter num 536 global dis is 0.000001
iter num 537 global dis is 0.000001
iter num 538 global dis is 0.000001
iter num 539 global dis is 0.000001
iter num 540 global dis is 0.000001
iter num 541 global dis is 0.000001
iter num 542 global dis is 0.000001
iter num 543 global dis is 0.000001
iter num 544 global dis is 0.000001
iter num 545 global dis is 0.000001
iter num 546 global dis is 0.000001
iter num 547 global dis is 0.000001
iter num 548 global dis is 0.000001
iter num 549 global dis is 0.000001
iter num 550 global dis is 0.000001
iter num 551 global dis is 0.000001
iter num 552 global dis is 0.000001
iter num 553 global dis is 0.000001
iter num 554 global dis is 0.000001
iter num 555 global dis is 0.000001
iter num 556 global dis is 0.000001
iter num 557 global dis is 0.000001
iter num 558 global dis is 0.000001
iter num 559 global dis is 0.000001
iter num 560 global dis is 0.000001
iter num 561 global dis is 0.000001
iter num 562 global dis is 0.000000
iter num 563 global dis is 0.000000
iter num 564 global dis is 0.000000
iter num 565 global dis is 0.000000
iter num 566 global dis is 0.000000
iter num 567 global dis is 0.000000
iter num 568 global dis is 0.000000
iter num 569 global dis is 0.000000
iter num 570 global dis is 0.000000
iter num 571 global dis is 0.000000
iter num 572 global dis is 0.000000
iter num 573 global dis is 0.000000
iter num 574 global dis is 0.000000
iter num 575 global dis is 0.000000
iter num 576 global dis is 0.000000
iter num 577 global dis is 0.000000
iter num 578 global dis is 0.000000
iter num 579 global dis is 0.000000
iter num 580 global dis is 0.000000
iter num 581 global dis is 0.000000
iter num 582 global dis is 0.000000
iter num 583 global dis is 0.000000
iter num 584 global dis is 0.000000
iter num 585 global dis is 0.000000
iter num 586 global dis is 0.000000
iter num 587 global dis is 0.000000
iter num 588 global dis is 0.000000
iter num 589 global dis is 0.000000
iter num 590 global dis is 0.000000
iter num 591 global dis is 0.000000
iter num 592 global dis is 0.000000
iter num 593 global dis is 0.000000
iter num 594 global dis is 0.000000
iter num 595 global dis is 0.000000
iter num 596 global dis is 0.000000
iter num 597 global dis is 0.000000
iter num 598 global dis is 0.000000
iter num 599 global dis is 0.000000
iter num 600 global dis is 0.000000
iter num 601 global dis is 0.000000
iter num 602 global dis is 0.000000
iter num 603 global dis is 0.000000
iter num 604 global dis is 0.000000
iter num 605 global dis is 0.000000
iter num 606 global dis is 0.000000
iter num 607 global dis is 0.000000
iter num 608 global dis is 0.000000
iter num 609 global dis is 0.000000
iter num 610 global dis is 0.000000
iter num 611 global dis is 0.000000
iter num 612 global dis is 0.000000
iter num 613 global dis is 0.000000
iter num 614 global dis is 0.000000
iter num 615 global dis is 0.000000
iter num 616 global dis is 0.000000
iter num 617 global dis is 0.000000
iter num 618 global dis is 0.000000
iter num 619 global dis is 0.000000
iter num 620 global dis is 0.000000
iter num 621 global dis is 0.000000
iter num 622 global dis is 0.000000
iter num 623 global dis is 0.000000
iter num 624 global dis is 0.000000
iter num 625 global dis is 0.000000
iter num 626 global dis is 0.000000
iter num 627 global dis is 0.000000
iter num 628 global dis is 0.000000
iter num 629 global dis is 0.000000
iter num 630 global dis is 0.000000
iter num 631 global dis is 0.000000
iter num 632 global dis is 0.000000
iter num 633 global dis is 0.000000
iter num 634 global dis is 0.000000
iter num 635 global dis is 0.000000
iter num 636 global dis is 0.000000
iter num 637 global dis is 0.000000
iter num 638 global dis is 0.000000
iter num 639 global dis is 0.000000
iter num 640 global dis is 0.000000
iter num 641 global dis is 0.000000
iter num 642 global dis is 0.000000
iter num 643 global dis is 0.000000
iter num 644 global dis is 0.000000
iter num 645 global dis is 0.000000
iter num 646 global dis is 0.000000
iter num 647 global dis is 0.000000
iter num 648 global dis is 0.000000
iter num 649 global dis is 0.000000
iter num 650 global dis is 0.000000
iter num 651 global dis is 0.000000
iter num 652 global dis is 0.000000
iter num 653 global dis is 0.000000
iter num 654 global dis is 0.000000
iter num 655 global dis is 0.000000
iter num 656 global dis is 0.000000
iter num 657 global dis is 0.000000
iter num 658 global dis is 0.000000
iter num 659 global dis is 0.000000
iter num 660 global dis is 0.000000
iter num 661 global dis is 0.000000
iter num 662 global dis is 0.000000
iter num 663 global dis is 0.000000
iter num 664 global dis is 0.000000
iter num 665 global dis is 0.000000
iter num 666 global dis is 0.000000
iter num 667 global dis is 0.000000
iter num 668 global dis is 0.000000
iter num 669 global dis is 0.000000
iter num 670 global dis is 0.000000
iter num 671 global dis is 0.000000
iter num 672 global dis is 0.000000
iter num 673 global dis is 0.000000
iter num 674 global dis is 0.000000
iter num 675 global dis is 0.000000
iter num 676 global dis is 0.000000
iter num 677 global dis is 0.000000
iter num 678 global dis is 0.000000
iter num 679 global dis is 0.000000
iter num 680 global dis is 0.000000
iter num 681 global dis is 0.000000
iter num 682 global dis is 0.000000
iter num 683 global dis is 0.000000
iter num 684 global dis is 0.000000
iter num 685 global dis is 0.000000
iter num 686 global dis is 0.000000
iter num 687 global dis is 0.000000
iter num 688 global dis is 0.000000
iter num 689 global dis is 0.000000
iter num 690 global dis is 0.000000
iter num 691 global dis is 0.000000
iter num 692 global dis is 0.000000
iter num 693 global dis is 0.000000
iter num 694 global dis is 0.000000
iter num 695 global dis is 0.000000
iter num 696 global dis is 0.000000
iter num 697 global dis is 0.000000
iter num 698 global dis is 0.000000
iter num 699 global dis is 0.000000
iter num 700 global dis is 0.000000
iter num 701 global dis is 0.000000
iter num 702 global dis is 0.000000
iter num 703 global dis is 0.000000
iter num 704 global dis is 0.000000
iter num 705 global dis is 0.000000
iter num 706 global dis is 0.000000
iter num 707 global dis is 0.000000
iter num 708 global dis is 0.000000
iter num 709 global dis is 0.000000
iter num 710 global dis is 0.000000
iter num 711 global dis is 0.000000
iter num 712 global dis is 0.000000
iter num 713 global dis is 0.000000
iter num 714 global dis is 0.000000
iter num 715 global dis is 0.000000
iter num 716 global dis is 0.000000
iter num 717 global dis is 0.000000
iter num 718 global dis is 0.000000
iter num 719 global dis is 0.000000
iter num 720 global dis is 0.000000
iter num 721 global dis is 0.000000
iter num 722 global dis is 0.000000
iter num 723 global dis is 0.000000
iter num 724 global dis is 0.000000
iter num 725 global dis is 0.000000
iter num 726 global dis is 0.000000
iter num 727 global dis is 0.000000
iter num 728 global dis is 0.000000
iter num 729 global dis is 0.000000
iter num 730 global dis is 0.000000
iter num 731 global dis is 0.000000
iter num 732 global dis is 0.000000
iter num 733 global dis is 0.000000
iter num 734 global dis is 0.000000
iter num 735 global dis is 0.000000
iter num 736 global dis is 0.000000
iter num 737 global dis is 0.000000
iter num 738 global dis is 0.000000
iter num 739 global dis is 0.000000
iter num 740 global dis is 0.000000
iter num 741 global dis is 0.000000
iter num 742 global dis is 0.000000
iter num 743 global dis is 0.000000
iter num 744 global dis is 0.000000
iter num 745 global dis is 0.000000
iter num 746 global dis is 0.000000
iter num 747 global dis is 0.000000
iter num 748 global dis is 0.000000
iter num 749 global dis is 0.000000
iter num 750 global dis is 0.000000
iter num 751 global dis is 0.000000
iter num 752 global dis is 0.000000
iter num 753 global dis is 0.000000
iter num 754 global dis is 0.000000
iter num 755 global dis is 0.000000
iter num 756 global dis is 0.000000
iter num 757 global dis is 0.000000
iter num 758 global dis is 0.000000
iter num 759 global dis is 0.000000
iter num 760 global dis is 0.000000
iter num 761 global dis is 0.000000
iter num 762 global dis is 0.000000
iter num 763 global dis is 0.000000
iter num 764 global dis is 0.000000
iter num 765 global dis is 0.000000
iter num 766 global dis is 0.000000
iter num 767 global dis is 0.000000
iter num 768 global dis is 0.000000
iter num 769 global dis is 0.000000
iter num 770 global dis is 0.000000
iter num 771 global dis is 0.000000
iter num 772 global dis is 0.000000
iter num 773 global dis is 0.000000
iter num 774 global dis is 0.000000
iter num 775 global dis is 0.000000
iter num 776 global dis is 0.000000
iter num 777 global dis is 0.000000
iter num 778 global dis is 0.000000
iter num 779 global dis is 0.000000
iter num 780 global dis is 0.000000
iter num 781 global dis is 0.000000
iter num 782 global dis is 0.000000
cost time is 24010.787000
