iter num 0 global dis is 3.982178
iter num 1 global dis is 3.909354
iter num 2 global dis is 3.800993
iter num 3 global dis is 3.695161
iter num 4 global dis is 3.592271
iter num 5 global dis is 3.492247
iter num 6 global dis is 3.395008
iter num 7 global dis is 3.339371
iter num 8 global dis is 3.203762
iter num 9 global dis is 3.248744
iter num 10 global dis is 3.022016
iter num 11 global dis is 3.163186
iter num 12 global dis is 2.850525
iter num 13 global dis is 3.082481
iter num 14 global dis is 2.688763
iter num 15 global dis is 3.006355
iter num 16 global dis is 2.536181
iter num 17 global dis is 2.934549
iter num 18 global dis is 2.392257
iter num 19 global dis is 2.866818
iter num 20 global dis is 2.256501
iter num 21 global dis is 2.802931
iter num 22 global dis is 2.128449
iter num 23 global dis is 2.742669
iter num 24 global dis is 2.007663
iter num 25 global dis is 2.685827
iter num 26 global dis is 1.893732
iter num 27 global dis is 2.632210
iter num 28 global dis is 1.786266
iter num 29 global dis is 2.581636
iter num 30 global dis is 1.684899
iter num 31 global dis is 2.533932
iter num 32 global dis is 1.589284
iter num 33 global dis is 2.488936
iter num 34 global dis is 1.499095
iter num 35 global dis is 2.446492
iter num 36 global dis is 1.414024
iter num 37 global dis is 2.406458
iter num 38 global dis is 1.333781
iter num 39 global dis is 2.368695
iter num 40 global dis is 1.258091
iter num 41 global dis is 2.333075
iter num 42 global dis is 1.186697
iter num 43 global dis is 2.299477
iter num 44 global dis is 1.198625
iter num 45 global dis is 2.267785
iter num 46 global dis is 1.229405
iter num 47 global dis is 2.237891
iter num 48 global dis is 1.258437
iter num 49 global dis is 2.209694
iter num 50 global dis is 1.285823
iter num 51 global dis is 2.183098
iter num 52 global dis is 1.311654
iter num 53 global dis is 2.158010
iter num 54 global dis is 1.336019
iter num 55 global dis is 2.134346
iter num 56 global dis is 1.359002
iter num 57 global dis is 2.112025
iter num 58 global dis is 1.380680
iter num 59 global dis is 2.090971
iter num 60 global dis is 1.401128
iter num 61 global dis is 2.071111
iter num 62 global dis is 1.420416
iter num 63 global dis is 2.052379
iter num 64 global dis is 1.438609
iter num 65 global dis is 2.034709
iter num 66 global dis is 1.455770
iter num 67 global dis is 2.018043
iter num 68 global dis is 1.471957
iter num 69 global dis is 2.002322
iter num 70 global dis is 1.487225
iter num 71 global dis is 1.987493
iter num 72 global dis is 1.501627
iter num 73 global dis is 1.973506
iter num 74 global dis is 1.515212
iter num 75 global dis is 1.960312
iter num 76 global dis is 1.528026
iter num 77 global dis is 1.947867
iter num 78 global dis is 1.540112
iter num 79 global dis is 1.936129
iter num 80 global dis is 1.551513
l proc rank 10 tell 11 lagging
rank 11 block!
recv lagging probe from rank 12
rank 11 be rescued by 12
rank 11 waiting for rank 12 to pick itself up
rescue rank 11
rank 11 revive!,current stage is 80
activate finish
iter num 81 global dis is 0.379821
iter num 82 global dis is 0.367984
iter num 83 global dis is 0.357194
iter num 84 global dis is 0.347133
iter num 85 global dis is 0.337444
iter num 86 global dis is 0.328044
iter num 87 global dis is 0.318909
iter num 88 global dis is 0.310029
iter num 89 global dis is 0.301396
iter num 90 global dis is 0.293004
iter num 91 global dis is 0.284846
iter num 92 global dis is 0.276914
iter num 93 global dis is 0.269204
iter num 94 global dis is 0.261708
iter num 95 global dis is 0.254421
iter num 96 global dis is 0.247337
iter num 97 global dis is 0.240450
iter num 98 global dis is 0.233755
iter num 99 global dis is 0.227246
iter num 100 global dis is 0.220919
iter num 101 global dis is 0.214767
iter num 102 global dis is 0.208787
iter num 103 global dis is 0.202974
iter num 104 global dis is 0.197322
iter num 105 global dis is 0.191828
iter num 106 global dis is 0.186486
iter num 107 global dis is 0.181294
iter num 108 global dis is 0.176246
iter num 109 global dis is 0.171338
iter num 110 global dis is 0.166568
iter num 111 global dis is 0.161930
iter num 112 global dis is 0.157421
iter num 113 global dis is 0.153038
iter num 114 global dis is 0.148776
iter num 115 global dis is 0.144634
iter num 116 global dis is 0.140607
iter num 117 global dis is 0.136692
iter num 118 global dis is 0.132886
iter num 119 global dis is 0.129185
iter num 120 global dis is 0.125588
iter num 121 global dis is 0.122091
iter num 122 global dis is 0.118692
iter num 123 global dis is 0.115387
iter num 124 global dis is 0.112174
iter num 125 global dis is 0.109051
iter num 126 global dis is 0.106014
iter num 127 global dis is 0.103062
iter num 128 global dis is 0.100193
iter num 129 global dis is 0.097403
iter num 130 global dis is 0.094691
iter num 131 global dis is 0.092054
iter num 132 global dis is 0.089491
iter num 133 global dis is 0.086999
iter num 134 global dis is 0.084577
iter num 135 global dis is 0.082222
iter num 136 global dis is 0.079932
iter num 137 global dis is 0.077707
iter num 138 global dis is 0.075543
iter num 139 global dis is 0.073440
iter num 140 global dis is 0.071395
iter num 141 global dis is 0.069407
iter num 142 global dis is 0.067474
iter num 143 global dis is 0.065595
iter num 144 global dis is 0.063769
iter num 145 global dis is 0.061993
iter num 146 global dis is 0.060267
iter num 147 global dis is 0.058589
iter num 148 global dis is 0.056958
iter num 149 global dis is 0.055372
iter num 150 global dis is 0.053830
iter num 151 global dis is 0.052331
iter num 152 global dis is 0.050874
iter num 153 global dis is 0.049458
iter num 154 global dis is 0.048080
iter num 155 global dis is 0.046742
iter num 156 global dis is 0.045440
iter num 157 global dis is 0.044175
iter num 158 global dis is 0.042945
iter num 159 global dis is 0.041749
iter num 160 global dis is 0.040587
iter num 161 global dis is 0.039457
iter num 162 global dis is 0.038358
iter num 163 global dis is 0.037290
iter num 164 global dis is 0.036252
iter num 165 global dis is 0.035242
iter num 166 global dis is 0.034261
iter num 167 global dis is 0.033307
iter num 168 global dis is 0.032380
iter num 169 global dis is 0.031478
iter num 170 global dis is 0.030601
iter num 171 global dis is 0.029749
iter num 172 global dis is 0.028921
iter num 173 global dis is 0.028116
iter num 174 global dis is 0.027333
iter num 175 global dis is 0.026572
iter num 176 global dis is 0.025832
iter num 177 global dis is 0.025113
iter num 178 global dis is 0.024413
iter num 179 global dis is 0.023734
iter num 180 global dis is 0.023073
iter num 181 global dis is 0.022430
iter num 182 global dis is 0.021806
iter num 183 global dis is 0.021199
iter num 184 global dis is 0.020608
iter num 185 global dis is 0.020035
iter num 186 global dis is 0.019477
iter num 187 global dis is 0.018934
iter num 188 global dis is 0.018407
iter num 189 global dis is 0.017895
iter num 190 global dis is 0.017396
iter num 191 global dis is 0.016912
iter num 192 global dis is 0.016441
iter num 193 global dis is 0.015983
iter num 194 global dis is 0.015538
iter num 195 global dis is 0.015106
iter num 196 global dis is 0.014685
iter num 197 global dis is 0.014276
iter num 198 global dis is 0.013879
iter num 199 global dis is 0.013492
iter num 200 global dis is 0.013116
iter num 201 global dis is 0.012751
iter num 202 global dis is 0.012396
iter num 203 global dis is 0.012051
iter num 204 global dis is 0.011716
iter num 205 global dis is 0.011389
iter num 206 global dis is 0.011072
iter num 207 global dis is 0.010764
iter num 208 global dis is 0.010464
iter num 209 global dis is 0.010173
iter num 210 global dis is 0.009890
iter num 211 global dis is 0.009614
iter num 212 global dis is 0.009346
iter num 213 global dis is 0.009086
iter num 214 global dis is 0.008833
iter num 215 global dis is 0.008587
iter num 216 global dis is 0.008348
iter num 217 global dis is 0.008116
iter num 218 global dis is 0.007890
iter num 219 global dis is 0.007670
iter num 220 global dis is 0.007456
iter num 221 global dis is 0.007249
iter num 222 global dis is 0.007047
iter num 223 global dis is 0.006851
iter num 224 global dis is 0.006660
iter num 225 global dis is 0.006475
iter num 226 global dis is 0.006294
iter num 227 global dis is 0.006119
iter num 228 global dis is 0.005949
iter num 229 global dis is 0.005783
iter num 230 global dis is 0.005622
iter num 231 global dis is 0.005465
iter num 232 global dis is 0.005313
iter num 233 global dis is 0.005165
iter num 234 global dis is 0.005022
iter num 235 global dis is 0.004882
iter num 236 global dis is 0.004746
iter num 237 global dis is 0.004614
iter num 238 global dis is 0.004485
iter num 239 global dis is 0.004360
iter num 240 global dis is 0.004239
iter num 241 global dis is 0.004121
iter num 242 global dis is 0.004006
iter num 243 global dis is 0.003895
iter num 244 global dis is 0.003786
iter num 245 global dis is 0.003681
iter num 246 global dis is 0.003578
iter num 247 global dis is 0.003479
iter num 248 global dis is 0.003382
iter num 249 global dis is 0.003288
iter num 250 global dis is 0.003196
iter num 251 global dis is 0.003107
iter num 252 global dis is 0.003021
iter num 253 global dis is 0.002936
iter num 254 global dis is 0.002855
iter num 255 global dis is 0.002775
iter num 256 global dis is 0.002698
iter num 257 global dis is 0.002623
iter num 258 global dis is 0.002550
iter num 259 global dis is 0.002479
iter num 260 global dis is 0.002410
iter num 261 global dis is 0.002343
iter num 262 global dis is 0.002277
iter num 263 global dis is 0.002214
iter num 264 global dis is 0.002152
iter num 265 global dis is 0.002092
iter num 266 global dis is 0.002034
iter num 267 global dis is 0.001978
iter num 268 global dis is 0.001922
iter num 269 global dis is 0.001869
iter num 270 global dis is 0.001817
iter num 271 global dis is 0.001766
iter num 272 global dis is 0.001717
iter num 273 global dis is 0.001669
iter num 274 global dis is 0.001623
iter num 275 global dis is 0.001578
iter num 276 global dis is 0.001534
iter num 277 global dis is 0.001491
iter num 278 global dis is 0.001449
iter num 279 global dis is 0.001409
iter num 280 global dis is 0.001370
iter num 281 global dis is 0.001332
iter num 282 global dis is 0.001295
iter num 283 global dis is 0.001259
iter num 284 global dis is 0.001224
iter num 285 global dis is 0.001190
iter num 286 global dis is 0.001156
iter num 287 global dis is 0.001124
iter num 288 global dis is 0.001093
iter num 289 global dis is 0.001062
iter num 290 global dis is 0.001033
iter num 291 global dis is 0.001004
iter num 292 global dis is 0.000976
iter num 293 global dis is 0.000949
iter num 294 global dis is 0.000923
iter num 295 global dis is 0.000897
iter num 296 global dis is 0.000872
iter num 297 global dis is 0.000848
iter num 298 global dis is 0.000824
iter num 299 global dis is 0.000801
iter num 300 global dis is 0.000779
iter num 301 global dis is 0.000757
iter num 302 global dis is 0.000736
iter num 303 global dis is 0.000716
iter num 304 global dis is 0.000696
iter num 305 global dis is 0.000676
iter num 306 global dis is 0.000657
iter num 307 global dis is 0.000639
iter num 308 global dis is 0.000621
iter num 309 global dis is 0.000604
iter num 310 global dis is 0.000587
iter num 311 global dis is 0.000571
iter num 312 global dis is 0.000555
iter num 313 global dis is 0.000539
iter num 314 global dis is 0.000524
iter num 315 global dis is 0.000510
iter num 316 global dis is 0.000496
iter num 317 global dis is 0.000482
iter num 318 global dis is 0.000468
iter num 319 global dis is 0.000455
iter num 320 global dis is 0.000443
iter num 321 global dis is 0.000430
iter num 322 global dis is 0.000418
iter num 323 global dis is 0.000407
iter num 324 global dis is 0.000395
iter num 325 global dis is 0.000384
iter num 326 global dis is 0.000374
iter num 327 global dis is 0.000363
iter num 328 global dis is 0.000353
iter num 329 global dis is 0.000343
iter num 330 global dis is 0.000334
iter num 331 global dis is 0.000324
iter num 332 global dis is 0.000315
iter num 333 global dis is 0.000307
iter num 334 global dis is 0.000298
iter num 335 global dis is 0.000290
iter num 336 global dis is 0.000282
iter num 337 global dis is 0.000274
iter num 338 global dis is 0.000266
iter num 339 global dis is 0.000259
iter num 340 global dis is 0.000252
iter num 341 global dis is 0.000245
iter num 342 global dis is 0.000238
iter num 343 global dis is 0.000231
iter num 344 global dis is 0.000225
iter num 345 global dis is 0.000219
iter num 346 global dis is 0.000212
iter num 347 global dis is 0.000207
iter num 348 global dis is 0.000201
iter num 349 global dis is 0.000195
iter num 350 global dis is 0.000190
iter num 351 global dis is 0.000184
iter num 352 global dis is 0.000179
iter num 353 global dis is 0.000174
iter num 354 global dis is 0.000169
iter num 355 global dis is 0.000165
iter num 356 global dis is 0.000160
iter num 357 global dis is 0.000156
iter num 358 global dis is 0.000151
iter num 359 global dis is 0.000147
iter num 360 global dis is 0.000143
iter num 361 global dis is 0.000139
iter num 362 global dis is 0.000135
iter num 363 global dis is 0.000131
iter num 364 global dis is 0.000128
iter num 365 global dis is 0.000124
iter num 366 global dis is 0.000121
iter num 367 global dis is 0.000117
iter num 368 global dis is 0.000114
iter num 369 global dis is 0.000111
iter num 370 global dis is 0.000108
iter num 371 global dis is 0.000105
iter num 372 global dis is 0.000102
iter num 373 global dis is 0.000099
iter num 374 global dis is 0.000096
iter num 375 global dis is 0.000094
iter num 376 global dis is 0.000091
iter num 377 global dis is 0.000089
iter num 378 global dis is 0.000086
iter num 379 global dis is 0.000084
iter num 380 global dis is 0.000081
iter num 381 global dis is 0.000079
iter num 382 global dis is 0.000077
iter num 383 global dis is 0.000075
iter num 384 global dis is 0.000073
iter num 385 global dis is 0.000071
iter num 386 global dis is 0.000069
iter num 387 global dis is 0.000067
iter num 388 global dis is 0.000065
iter num 389 global dis is 0.000063
iter num 390 global dis is 0.000061
iter num 391 global dis is 0.000060
iter num 392 global dis is 0.000058
iter num 393 global dis is 0.000056
iter num 394 global dis is 0.000055
iter num 395 global dis is 0.000053
iter num 396 global dis is 0.000052
iter num 397 global dis is 0.000050
iter num 398 global dis is 0.000049
iter num 399 global dis is 0.000048
iter num 400 global dis is 0.000046
iter num 401 global dis is 0.000045
iter num 402 global dis is 0.000044
iter num 403 global dis is 0.000042
iter num 404 global dis is 0.000041
iter num 405 global dis is 0.000040
iter num 406 global dis is 0.000039
iter num 407 global dis is 0.000038
iter num 408 global dis is 0.000037
iter num 409 global dis is 0.000036
iter num 410 global dis is 0.000035
iter num 411 global dis is 0.000034
iter num 412 global dis is 0.000033
iter num 413 global dis is 0.000032
iter num 414 global dis is 0.000031
iter num 415 global dis is 0.000030
iter num 416 global dis is 0.000029
iter num 417 global dis is 0.000029
iter num 418 global dis is 0.000028
iter num 419 global dis is 0.000027
iter num 420 global dis is 0.000026
iter num 421 global dis is 0.000026
iter num 422 global dis is 0.000025
iter num 423 global dis is 0.000024
iter num 424 global dis is 0.000023
iter num 425 global dis is 0.000023
iter num 426 global dis is 0.000022
iter num 427 global dis is 0.000022
iter num 428 global dis is 0.000021
iter num 429 global dis is 0.000020
iter num 430 global dis is 0.000020
iter num 431 global dis is 0.000019
iter num 432 global dis is 0.000019
iter num 433 global dis is 0.000018
iter num 434 global dis is 0.000018
iter num 435 global dis is 0.000017
iter num 436 global dis is 0.000017
iter num 437 global dis is 0.000016
iter num 438 global dis is 0.000016
iter num 439 global dis is 0.000015
iter num 440 global dis is 0.000015
iter num 441 global dis is 0.000015
iter num 442 global dis is 0.000014
iter num 443 global dis is 0.000014
iter num 444 global dis is 0.000013
iter num 445 global dis is 0.000013
iter num 446 global dis is 0.000013
iter num 447 global dis is 0.000012
iter num 448 global dis is 0.000012
iter num 449 global dis is 0.000012
iter num 450 global dis is 0.000011
iter num 451 global dis is 0.000011
iter num 452 global dis is 0.000011
iter num 453 global dis is 0.000010
iter num 454 global dis is 0.000010
iter num 455 global dis is 0.000010
iter num 456 global dis is 0.000010
iter num 457 global dis is 0.000009
iter num 458 global dis is 0.000009
iter num 459 global dis is 0.000009
iter num 460 global dis is 0.000008
iter num 461 global dis is 0.000008
iter num 462 global dis is 0.000008
iter num 463 global dis is 0.000008
iter num 464 global dis is 0.000008
iter num 465 global dis is 0.000007
iter num 466 global dis is 0.000007
iter num 467 global dis is 0.000007
iter num 468 global dis is 0.000007
iter num 469 global dis is 0.000007
iter num 470 global dis is 0.000006
iter num 471 global dis is 0.000006
iter num 472 global dis is 0.000006
iter num 473 global dis is 0.000006
iter num 474 global dis is 0.000006
iter num 475 global dis is 0.000006
iter num 476 global dis is 0.000005
iter num 477 global dis is 0.000005
iter num 478 global dis is 0.000005
iter num 479 global dis is 0.000005
iter num 480 global dis is 0.000005
iter num 481 global dis is 0.000005
iter num 482 global dis is 0.000005
iter num 483 global dis is 0.000004
iter num 484 global dis is 0.000004
iter num 485 global dis is 0.000004
iter num 486 global dis is 0.000004
iter num 487 global dis is 0.000004
iter num 488 global dis is 0.000004
iter num 489 global dis is 0.000004
iter num 490 global dis is 0.000004
iter num 491 global dis is 0.000004
iter num 492 global dis is 0.000003
iter num 493 global dis is 0.000003
iter num 494 global dis is 0.000003
iter num 495 global dis is 0.000003
iter num 496 global dis is 0.000003
iter num 497 global dis is 0.000003
iter num 498 global dis is 0.000003
iter num 499 global dis is 0.000003
iter num 500 global dis is 0.000003
iter num 501 global dis is 0.000003
iter num 502 global dis is 0.000003
iter num 503 global dis is 0.000003
iter num 504 global dis is 0.000002
iter num 505 global dis is 0.000002
iter num 506 global dis is 0.000002
iter num 507 global dis is 0.000002
iter num 508 global dis is 0.000002
iter num 509 global dis is 0.000002
iter num 510 global dis is 0.000002
iter num 511 global dis is 0.000002
iter num 512 global dis is 0.000002
iter num 513 global dis is 0.000002
iter num 514 global dis is 0.000002
iter num 515 global dis is 0.000002
iter num 516 global dis is 0.000002
iter num 517 global dis is 0.000002
iter num 518 global dis is 0.000002
iter num 519 global dis is 0.000002
iter num 520 global dis is 0.000002
iter num 521 global dis is 0.000002
iter num 522 global dis is 0.000001
iter num 523 global dis is 0.000001
iter num 524 global dis is 0.000001
iter num 525 global dis is 0.000001
iter num 526 global dis is 0.000001
iter num 527 global dis is 0.000001
iter num 528 global dis is 0.000001
iter num 529 global dis is 0.000001
iter num 530 global dis is 0.000001
iter num 531 global dis is 0.000001
iter num 532 global dis is 0.000001
iter num 533 global dis is 0.000001
iter num 534 global dis is 0.000001
iter num 535 global dis is 0.000001
iter num 536 global dis is 0.000001
iter num 537 global dis is 0.000001
iter num 538 global dis is 0.000001
iter num 539 global dis is 0.000001
iter num 540 global dis is 0.000001
iter num 541 global dis is 0.000001
iter num 542 global dis is 0.000001
iter num 543 global dis is 0.000001
iter num 544 global dis is 0.000001
iter num 545 global dis is 0.000001
iter num 546 global dis is 0.000001
iter num 547 global dis is 0.000001
iter num 548 global dis is 0.000001
iter num 549 global dis is 0.000001
iter num 550 global dis is 0.000001
iter num 551 global dis is 0.000001
iter num 552 global dis is 0.000001
iter num 553 global dis is 0.000001
iter num 554 global dis is 0.000001
iter num 555 global dis is 0.000001
iter num 556 global dis is 0.000001
iter num 557 global dis is 0.000001
iter num 558 global dis is 0.000001
iter num 559 global dis is 0.000001
iter num 560 global dis is 0.000001
iter num 561 global dis is 0.000000
iter num 562 global dis is 0.000000
iter num 563 global dis is 0.000000
iter num 564 global dis is 0.000000
iter num 565 global dis is 0.000000
iter num 566 global dis is 0.000000
iter num 567 global dis is 0.000000
iter num 568 global dis is 0.000000
iter num 569 global dis is 0.000000
iter num 570 global dis is 0.000000
iter num 571 global dis is 0.000000
iter num 572 global dis is 0.000000
iter num 573 global dis is 0.000000
iter num 574 global dis is 0.000000
iter num 575 global dis is 0.000000
iter num 576 global dis is 0.000000
iter num 577 global dis is 0.000000
iter num 578 global dis is 0.000000
iter num 579 global dis is 0.000000
iter num 580 global dis is 0.000000
iter num 581 global dis is 0.000000
iter num 582 global dis is 0.000000
iter num 583 global dis is 0.000000
iter num 584 global dis is 0.000000
iter num 585 global dis is 0.000000
iter num 586 global dis is 0.000000
iter num 587 global dis is 0.000000
iter num 588 global dis is 0.000000
iter num 589 global dis is 0.000000
iter num 590 global dis is 0.000000
iter num 591 global dis is 0.000000
iter num 592 global dis is 0.000000
iter num 593 global dis is 0.000000
iter num 594 global dis is 0.000000
iter num 595 global dis is 0.000000
iter num 596 global dis is 0.000000
iter num 597 global dis is 0.000000
iter num 598 global dis is 0.000000
iter num 599 global dis is 0.000000
iter num 600 global dis is 0.000000
iter num 601 global dis is 0.000000
iter num 602 global dis is 0.000000
iter num 603 global dis is 0.000000
iter num 604 global dis is 0.000000
iter num 605 global dis is 0.000000
iter num 606 global dis is 0.000000
iter num 607 global dis is 0.000000
iter num 608 global dis is 0.000000
iter num 609 global dis is 0.000000
iter num 610 global dis is 0.000000
iter num 611 global dis is 0.000000
iter num 612 global dis is 0.000000
iter num 613 global dis is 0.000000
iter num 614 global dis is 0.000000
iter num 615 global dis is 0.000000
iter num 616 global dis is 0.000000
iter num 617 global dis is 0.000000
iter num 618 global dis is 0.000000
iter num 619 global dis is 0.000000
iter num 620 global dis is 0.000000
iter num 621 global dis is 0.000000
iter num 622 global dis is 0.000000
iter num 623 global dis is 0.000000
iter num 624 global dis is 0.000000
iter num 625 global dis is 0.000000
iter num 626 global dis is 0.000000
iter num 627 global dis is 0.000000
iter num 628 global dis is 0.000000
iter num 629 global dis is 0.000000
iter num 630 global dis is 0.000000
iter num 631 global dis is 0.000000
iter num 632 global dis is 0.000000
iter num 633 global dis is 0.000000
iter num 634 global dis is 0.000000
iter num 635 global dis is 0.000000
iter num 636 global dis is 0.000000
iter num 637 global dis is 0.000000
iter num 638 global dis is 0.000000
iter num 639 global dis is 0.000000
iter num 640 global dis is 0.000000
iter num 641 global dis is 0.000000
iter num 642 global dis is 0.000000
iter num 643 global dis is 0.000000
iter num 644 global dis is 0.000000
iter num 645 global dis is 0.000000
iter num 646 global dis is 0.000000
iter num 647 global dis is 0.000000
iter num 648 global dis is 0.000000
iter num 649 global dis is 0.000000
iter num 650 global dis is 0.000000
iter num 651 global dis is 0.000000
iter num 652 global dis is 0.000000
iter num 653 global dis is 0.000000
iter num 654 global dis is 0.000000
iter num 655 global dis is 0.000000
iter num 656 global dis is 0.000000
iter num 657 global dis is 0.000000
iter num 658 global dis is 0.000000
iter num 659 global dis is 0.000000
iter num 660 global dis is 0.000000
iter num 661 global dis is 0.000000
iter num 662 global dis is 0.000000
iter num 663 global dis is 0.000000
iter num 664 global dis is 0.000000
iter num 665 global dis is 0.000000
iter num 666 global dis is 0.000000
iter num 667 global dis is 0.000000
iter num 668 global dis is 0.000000
iter num 669 global dis is 0.000000
iter num 670 global dis is 0.000000
iter num 671 global dis is 0.000000
iter num 672 global dis is 0.000000
iter num 673 global dis is 0.000000
iter num 674 global dis is 0.000000
iter num 675 global dis is 0.000000
iter num 676 global dis is 0.000000
iter num 677 global dis is 0.000000
iter num 678 global dis is 0.000000
iter num 679 global dis is 0.000000
iter num 680 global dis is 0.000000
iter num 681 global dis is 0.000000
iter num 682 global dis is 0.000000
iter num 683 global dis is 0.000000
iter num 684 global dis is 0.000000
iter num 685 global dis is 0.000000
iter num 686 global dis is 0.000000
iter num 687 global dis is 0.000000
iter num 688 global dis is 0.000000
iter num 689 global dis is 0.000000
iter num 690 global dis is 0.000000
iter num 691 global dis is 0.000000
iter num 692 global dis is 0.000000
iter num 693 global dis is 0.000000
iter num 694 global dis is 0.000000
iter num 695 global dis is 0.000000
iter num 696 global dis is 0.000000
iter num 697 global dis is 0.000000
iter num 698 global dis is 0.000000
iter num 699 global dis is 0.000000
iter num 700 global dis is 0.000000
iter num 701 global dis is 0.000000
iter num 702 global dis is 0.000000
iter num 703 global dis is 0.000000
iter num 704 global dis is 0.000000
iter num 705 global dis is 0.000000
iter num 706 global dis is 0.000000
iter num 707 global dis is 0.000000
iter num 708 global dis is 0.000000
iter num 709 global dis is 0.000000
iter num 710 global dis is 0.000000
iter num 711 global dis is 0.000000
iter num 712 global dis is 0.000000
iter num 713 global dis is 0.000000
iter num 714 global dis is 0.000000
iter num 715 global dis is 0.000000
iter num 716 global dis is 0.000000
iter num 717 global dis is 0.000000
iter num 718 global dis is 0.000000
iter num 719 global dis is 0.000000
iter num 720 global dis is 0.000000
iter num 721 global dis is 0.000000
iter num 722 global dis is 0.000000
iter num 723 global dis is 0.000000
iter num 724 global dis is 0.000000
iter num 725 global dis is 0.000000
iter num 726 global dis is 0.000000
iter num 727 global dis is 0.000000
iter num 728 global dis is 0.000000
iter num 729 global dis is 0.000000
iter num 730 global dis is 0.000000
iter num 731 global dis is 0.000000
iter num 732 global dis is 0.000000
iter num 733 global dis is 0.000000
iter num 734 global dis is 0.000000
iter num 735 global dis is 0.000000
iter num 736 global dis is 0.000000
iter num 737 global dis is 0.000000
iter num 738 global dis is 0.000000
iter num 739 global dis is 0.000000
iter num 740 global dis is 0.000000
iter num 741 global dis is 0.000000
iter num 742 global dis is 0.000000
iter num 743 global dis is 0.000000
iter num 744 global dis is 0.000000
iter num 745 global dis is 0.000000
iter num 746 global dis is 0.000000
iter num 747 global dis is 0.000000
iter num 748 global dis is 0.000000
iter num 749 global dis is 0.000000
iter num 750 global dis is 0.000000
iter num 751 global dis is 0.000000
iter num 752 global dis is 0.000000
iter num 753 global dis is 0.000000
iter num 754 global dis is 0.000000
iter num 755 global dis is 0.000000
iter num 756 global dis is 0.000000
iter num 757 global dis is 0.000000
iter num 758 global dis is 0.000000
iter num 759 global dis is 0.000000
iter num 760 global dis is 0.000000
iter num 761 global dis is 0.000000
iter num 762 global dis is 0.000000
iter num 763 global dis is 0.000000
iter num 764 global dis is 0.000000
iter num 765 global dis is 0.000000
iter num 766 global dis is 0.000000
iter num 767 global dis is 0.000000
iter num 768 global dis is 0.000000
iter num 769 global dis is 0.000000
iter num 770 global dis is 0.000000
iter num 771 global dis is 0.000000
iter num 772 global dis is 0.000000
iter num 773 global dis is 0.000000
iter num 774 global dis is 0.000000
iter num 775 global dis is 0.000000
iter num 776 global dis is 0.000000
iter num 777 global dis is 0.000000
iter num 778 global dis is 0.000000
iter num 779 global dis is 0.000000
iter num 780 global dis is 0.000000
iter num 781 global dis is 0.000000
cost time is 21655.565000
