iter num 0 global dis is 3.982212
iter num 1 global dis is 3.909460
iter num 2 global dis is 3.801187
iter num 3 global dis is 3.695432
iter num 4 global dis is 3.592613
iter num 5 global dis is 3.492656
iter num 6 global dis is 3.395480
iter num 7 global dis is 3.346663
iter num 8 global dis is 3.205102
iter num 9 global dis is 3.256199
iter num 10 global dis is 3.024189
iter num 11 global dis is 3.170866
iter num 12 global dis is 2.853437
iter num 13 global dis is 3.090351
iter num 14 global dis is 2.692323
iter num 15 global dis is 3.014383
iter num 16 global dis is 2.540307
iter num 17 global dis is 2.942703
iter num 18 global dis is 2.396874
iter num 19 global dis is 2.875072
iter num 20 global dis is 2.261539
iter num 21 global dis is 2.811258
iter num 22 global dis is 2.133846
iter num 23 global dis is 2.751048
iter num 24 global dis is 2.013363
iter num 25 global dis is 2.694238
iter num 26 global dis is 1.899682
iter num 27 global dis is 2.640635
iter num 28 global dis is 1.792421
iter num 29 global dis is 2.590059
iter num 30 global dis is 1.691215
iter num 31 global dis is 2.542338
iter num 32 global dis is 1.595724
iter num 33 global dis is 2.497312
iter num 34 global dis is 1.505625
iter num 35 global dis is 2.454828
iter num 36 global dis is 1.420613
iter num 37 global dis is 2.414743
iter num 38 global dis is 1.340401
iter num 39 global dis is 2.376921
iter num 40 global dis is 1.264718
l proc rank 10 tell 11 lagging
rank 11 block!
recv lagging probe from rank 10
rank 11 be rescued by 10
rescue rank 11
rank 11 waiting for rank 10 to pick itself up
rank 11 revive!,current stage is 40
activate finish
iter num 41 global dis is 1.228495
iter num 42 global dis is 1.192770
iter num 43 global dis is 1.158900
iter num 44 global dis is 1.126511
iter num 45 global dis is 1.095139
iter num 46 global dis is 1.064663
iter num 47 global dis is 1.035040
iter num 48 global dis is 1.006242
iter num 49 global dis is 0.978245
iter num 50 global dis is 0.951027
iter num 51 global dis is 0.924567
iter num 52 global dis is 0.898842
iter num 53 global dis is 0.873834
iter num 54 global dis is 0.849521
iter num 55 global dis is 0.825885
iter num 56 global dis is 0.802906
iter num 57 global dis is 0.780567
iter num 58 global dis is 0.758849
iter num 59 global dis is 0.737736
iter num 60 global dis is 0.717210
iter num 61 global dis is 0.697255
iter num 62 global dis is 0.677855
iter num 63 global dis is 0.658995
iter num 64 global dis is 0.640660
iter num 65 global dis is 0.622835
iter num 66 global dis is 0.605505
iter num 67 global dis is 0.588658
iter num 68 global dis is 0.572280
iter num 69 global dis is 0.556358
iter num 70 global dis is 0.540878
iter num 71 global dis is 0.525829
iter num 72 global dis is 0.511199
iter num 73 global dis is 0.496976
iter num 74 global dis is 0.483149
iter num 75 global dis is 0.469706
iter num 76 global dis is 0.456637
iter num 77 global dis is 0.443932
iter num 78 global dis is 0.431581
iter num 79 global dis is 0.419573
iter num 80 global dis is 0.407899
iter num 81 global dis is 0.396550
iter num 82 global dis is 0.385517
iter num 83 global dis is 0.374790
iter num 84 global dis is 0.364363
iter num 85 global dis is 0.354225
iter num 86 global dis is 0.344369
iter num 87 global dis is 0.334788
iter num 88 global dis is 0.325473
iter num 89 global dis is 0.316418
iter num 90 global dis is 0.307614
iter num 91 global dis is 0.299055
iter num 92 global dis is 0.290734
iter num 93 global dis is 0.282645
iter num 94 global dis is 0.274781
iter num 95 global dis is 0.267136
iter num 96 global dis is 0.259703
iter num 97 global dis is 0.252478
iter num 98 global dis is 0.245453
iter num 99 global dis is 0.238624
iter num 100 global dis is 0.231985
iter num 101 global dis is 0.225530
iter num 102 global dis is 0.219255
iter num 103 global dis is 0.213155
iter num 104 global dis is 0.207224
iter num 105 global dis is 0.201459
iter num 106 global dis is 0.195853
iter num 107 global dis is 0.190404
iter num 108 global dis is 0.185106
iter num 109 global dis is 0.179956
iter num 110 global dis is 0.174949
iter num 111 global dis is 0.170082
iter num 112 global dis is 0.165350
iter num 113 global dis is 0.160749
iter num 114 global dis is 0.156276
iter num 115 global dis is 0.151928
iter num 116 global dis is 0.147701
iter num 117 global dis is 0.143592
iter num 118 global dis is 0.139597
iter num 119 global dis is 0.135713
iter num 120 global dis is 0.131937
iter num 121 global dis is 0.128266
iter num 122 global dis is 0.124697
iter num 123 global dis is 0.121228
iter num 124 global dis is 0.117855
iter num 125 global dis is 0.114576
iter num 126 global dis is 0.111388
iter num 127 global dis is 0.108289
iter num 128 global dis is 0.105276
iter num 129 global dis is 0.102347
iter num 130 global dis is 0.099499
iter num 131 global dis is 0.096731
iter num 132 global dis is 0.094039
iter num 133 global dis is 0.091423
iter num 134 global dis is 0.088879
iter num 135 global dis is 0.086406
iter num 136 global dis is 0.084002
iter num 137 global dis is 0.081665
iter num 138 global dis is 0.079393
iter num 139 global dis is 0.077184
iter num 140 global dis is 0.075036
iter num 141 global dis is 0.072949
iter num 142 global dis is 0.070919
iter num 143 global dis is 0.068946
iter num 144 global dis is 0.067028
iter num 145 global dis is 0.065163
iter num 146 global dis is 0.063350
iter num 147 global dis is 0.061587
iter num 148 global dis is 0.059873
iter num 149 global dis is 0.058208
iter num 150 global dis is 0.056588
iter num 151 global dis is 0.055014
iter num 152 global dis is 0.053483
iter num 153 global dis is 0.051995
iter num 154 global dis is 0.050548
iter num 155 global dis is 0.049142
iter num 156 global dis is 0.047775
iter num 157 global dis is 0.046445
iter num 158 global dis is 0.045153
iter num 159 global dis is 0.043897
iter num 160 global dis is 0.042675
iter num 161 global dis is 0.041488
iter num 162 global dis is 0.040334
iter num 163 global dis is 0.039212
iter num 164 global dis is 0.038121
iter num 165 global dis is 0.037060
iter num 166 global dis is 0.036029
iter num 167 global dis is 0.035026
iter num 168 global dis is 0.034052
iter num 169 global dis is 0.033104
iter num 170 global dis is 0.032183
iter num 171 global dis is 0.031288
iter num 172 global dis is 0.030417
iter num 173 global dis is 0.029571
iter num 174 global dis is 0.028748
iter num 175 global dis is 0.027948
iter num 176 global dis is 0.027171
iter num 177 global dis is 0.026415
iter num 178 global dis is 0.025680
iter num 179 global dis is 0.024965
iter num 180 global dis is 0.024271
iter num 181 global dis is 0.023596
iter num 182 global dis is 0.022939
iter num 183 global dis is 0.022301
iter num 184 global dis is 0.021680
iter num 185 global dis is 0.021077
iter num 186 global dis is 0.020491
iter num 187 global dis is 0.019921
iter num 188 global dis is 0.019366
iter num 189 global dis is 0.018828
iter num 190 global dis is 0.018304
iter num 191 global dis is 0.017794
iter num 192 global dis is 0.017299
iter num 193 global dis is 0.016818
iter num 194 global dis is 0.016350
iter num 195 global dis is 0.015895
iter num 196 global dis is 0.015453
iter num 197 global dis is 0.015023
iter num 198 global dis is 0.014605
iter num 199 global dis is 0.014199
iter num 200 global dis is 0.013804
iter num 201 global dis is 0.013420
iter num 202 global dis is 0.013046
iter num 203 global dis is 0.012683
iter num 204 global dis is 0.012330
iter num 205 global dis is 0.011987
iter num 206 global dis is 0.011654
iter num 207 global dis is 0.011329
iter num 208 global dis is 0.011014
iter num 209 global dis is 0.010708
iter num 210 global dis is 0.010410
iter num 211 global dis is 0.010120
iter num 212 global dis is 0.009839
iter num 213 global dis is 0.009565
iter num 214 global dis is 0.009299
iter num 215 global dis is 0.009040
iter num 216 global dis is 0.008789
iter num 217 global dis is 0.008544
iter num 218 global dis is 0.008306
iter num 219 global dis is 0.008075
iter num 220 global dis is 0.007851
iter num 221 global dis is 0.007632
iter num 222 global dis is 0.007420
iter num 223 global dis is 0.007213
iter num 224 global dis is 0.007013
iter num 225 global dis is 0.006817
iter num 226 global dis is 0.006628
iter num 227 global dis is 0.006443
iter num 228 global dis is 0.006264
iter num 229 global dis is 0.006090
iter num 230 global dis is 0.005920
iter num 231 global dis is 0.005756
iter num 232 global dis is 0.005596
iter num 233 global dis is 0.005440
iter num 234 global dis is 0.005288
iter num 235 global dis is 0.005141
iter num 236 global dis is 0.004998
iter num 237 global dis is 0.004859
iter num 238 global dis is 0.004724
iter num 239 global dis is 0.004593
iter num 240 global dis is 0.004465
iter num 241 global dis is 0.004341
iter num 242 global dis is 0.004220
iter num 243 global dis is 0.004102
iter num 244 global dis is 0.003988
iter num 245 global dis is 0.003877
iter num 246 global dis is 0.003769
iter num 247 global dis is 0.003665
iter num 248 global dis is 0.003563
iter num 249 global dis is 0.003463
iter num 250 global dis is 0.003367
iter num 251 global dis is 0.003273
iter num 252 global dis is 0.003182
iter num 253 global dis is 0.003094
iter num 254 global dis is 0.003008
iter num 255 global dis is 0.002924
iter num 256 global dis is 0.002843
iter num 257 global dis is 0.002764
iter num 258 global dis is 0.002687
iter num 259 global dis is 0.002612
iter num 260 global dis is 0.002539
iter num 261 global dis is 0.002469
iter num 262 global dis is 0.002400
iter num 263 global dis is 0.002333
iter num 264 global dis is 0.002268
iter num 265 global dis is 0.002205
iter num 266 global dis is 0.002144
iter num 267 global dis is 0.002084
iter num 268 global dis is 0.002026
iter num 269 global dis is 0.001970
iter num 270 global dis is 0.001915
iter num 271 global dis is 0.001862
iter num 272 global dis is 0.001810
iter num 273 global dis is 0.001760
iter num 274 global dis is 0.001711
iter num 275 global dis is 0.001663
iter num 276 global dis is 0.001617
iter num 277 global dis is 0.001572
iter num 278 global dis is 0.001528
iter num 279 global dis is 0.001485
iter num 280 global dis is 0.001444
iter num 281 global dis is 0.001404
iter num 282 global dis is 0.001365
iter num 283 global dis is 0.001327
iter num 284 global dis is 0.001290
iter num 285 global dis is 0.001254
iter num 286 global dis is 0.001219
iter num 287 global dis is 0.001185
iter num 288 global dis is 0.001152
iter num 289 global dis is 0.001120
iter num 290 global dis is 0.001089
iter num 291 global dis is 0.001059
iter num 292 global dis is 0.001029
iter num 293 global dis is 0.001001
iter num 294 global dis is 0.000973
iter num 295 global dis is 0.000946
iter num 296 global dis is 0.000919
iter num 297 global dis is 0.000894
iter num 298 global dis is 0.000869
iter num 299 global dis is 0.000845
iter num 300 global dis is 0.000821
iter num 301 global dis is 0.000798
iter num 302 global dis is 0.000776
iter num 303 global dis is 0.000755
iter num 304 global dis is 0.000734
iter num 305 global dis is 0.000713
iter num 306 global dis is 0.000693
iter num 307 global dis is 0.000674
iter num 308 global dis is 0.000655
iter num 309 global dis is 0.000637
iter num 310 global dis is 0.000619
iter num 311 global dis is 0.000602
iter num 312 global dis is 0.000585
iter num 313 global dis is 0.000569
iter num 314 global dis is 0.000553
iter num 315 global dis is 0.000538
iter num 316 global dis is 0.000523
iter num 317 global dis is 0.000508
iter num 318 global dis is 0.000494
iter num 319 global dis is 0.000480
iter num 320 global dis is 0.000467
iter num 321 global dis is 0.000454
iter num 322 global dis is 0.000441
iter num 323 global dis is 0.000429
iter num 324 global dis is 0.000417
iter num 325 global dis is 0.000406
iter num 326 global dis is 0.000394
iter num 327 global dis is 0.000383
iter num 328 global dis is 0.000373
iter num 329 global dis is 0.000362
iter num 330 global dis is 0.000352
iter num 331 global dis is 0.000342
iter num 332 global dis is 0.000333
iter num 333 global dis is 0.000324
iter num 334 global dis is 0.000315
iter num 335 global dis is 0.000306
iter num 336 global dis is 0.000297
iter num 337 global dis is 0.000289
iter num 338 global dis is 0.000281
iter num 339 global dis is 0.000273
iter num 340 global dis is 0.000266
iter num 341 global dis is 0.000258
iter num 342 global dis is 0.000251
iter num 343 global dis is 0.000244
iter num 344 global dis is 0.000237
iter num 345 global dis is 0.000231
iter num 346 global dis is 0.000224
iter num 347 global dis is 0.000218
iter num 348 global dis is 0.000212
iter num 349 global dis is 0.000206
iter num 350 global dis is 0.000200
iter num 351 global dis is 0.000195
iter num 352 global dis is 0.000189
iter num 353 global dis is 0.000184
iter num 354 global dis is 0.000179
iter num 355 global dis is 0.000174
iter num 356 global dis is 0.000169
iter num 357 global dis is 0.000164
iter num 358 global dis is 0.000160
iter num 359 global dis is 0.000155
iter num 360 global dis is 0.000151
iter num 361 global dis is 0.000147
iter num 362 global dis is 0.000143
iter num 363 global dis is 0.000139
iter num 364 global dis is 0.000135
iter num 365 global dis is 0.000131
iter num 366 global dis is 0.000128
iter num 367 global dis is 0.000124
iter num 368 global dis is 0.000121
iter num 369 global dis is 0.000117
iter num 370 global dis is 0.000114
iter num 371 global dis is 0.000111
iter num 372 global dis is 0.000108
iter num 373 global dis is 0.000105
iter num 374 global dis is 0.000102
iter num 375 global dis is 0.000099
iter num 376 global dis is 0.000096
iter num 377 global dis is 0.000094
iter num 378 global dis is 0.000091
iter num 379 global dis is 0.000088
iter num 380 global dis is 0.000086
iter num 381 global dis is 0.000084
iter num 382 global dis is 0.000081
iter num 383 global dis is 0.000079
iter num 384 global dis is 0.000077
iter num 385 global dis is 0.000075
iter num 386 global dis is 0.000073
iter num 387 global dis is 0.000071
iter num 388 global dis is 0.000069
iter num 389 global dis is 0.000067
iter num 390 global dis is 0.000065
iter num 391 global dis is 0.000063
iter num 392 global dis is 0.000061
iter num 393 global dis is 0.000060
iter num 394 global dis is 0.000058
iter num 395 global dis is 0.000056
iter num 396 global dis is 0.000055
iter num 397 global dis is 0.000053
iter num 398 global dis is 0.000052
iter num 399 global dis is 0.000050
iter num 400 global dis is 0.000049
iter num 401 global dis is 0.000048
iter num 402 global dis is 0.000046
iter num 403 global dis is 0.000045
iter num 404 global dis is 0.000044
iter num 405 global dis is 0.000042
iter num 406 global dis is 0.000041
iter num 407 global dis is 0.000040
iter num 408 global dis is 0.000039
iter num 409 global dis is 0.000038
iter num 410 global dis is 0.000037
iter num 411 global dis is 0.000036
iter num 412 global dis is 0.000035
iter num 413 global dis is 0.000034
iter num 414 global dis is 0.000033
iter num 415 global dis is 0.000032
iter num 416 global dis is 0.000031
iter num 417 global dis is 0.000030
iter num 418 global dis is 0.000029
iter num 419 global dis is 0.000029
iter num 420 global dis is 0.000028
iter num 421 global dis is 0.000027
iter num 422 global dis is 0.000026
iter num 423 global dis is 0.000026
iter num 424 global dis is 0.000025
iter num 425 global dis is 0.000024
iter num 426 global dis is 0.000023
iter num 427 global dis is 0.000023
iter num 428 global dis is 0.000022
iter num 429 global dis is 0.000022
iter num 430 global dis is 0.000021
iter num 431 global dis is 0.000020
iter num 432 global dis is 0.000020
iter num 433 global dis is 0.000019
iter num 434 global dis is 0.000019
iter num 435 global dis is 0.000018
iter num 436 global dis is 0.000018
iter num 437 global dis is 0.000017
iter num 438 global dis is 0.000017
iter num 439 global dis is 0.000016
iter num 440 global dis is 0.000016
iter num 441 global dis is 0.000015
iter num 442 global dis is 0.000015
iter num 443 global dis is 0.000015
iter num 444 global dis is 0.000014
iter num 445 global dis is 0.000014
iter num 446 global dis is 0.000013
iter num 447 global dis is 0.000013
iter num 448 global dis is 0.000013
iter num 449 global dis is 0.000012
iter num 450 global dis is 0.000012
iter num 451 global dis is 0.000012
iter num 452 global dis is 0.000011
iter num 453 global dis is 0.000011
iter num 454 global dis is 0.000011
iter num 455 global dis is 0.000010
iter num 456 global dis is 0.000010
iter num 457 global dis is 0.000010
iter num 458 global dis is 0.000010
iter num 459 global dis is 0.000009
iter num 460 global dis is 0.000009
iter num 461 global dis is 0.000009
iter num 462 global dis is 0.000008
iter num 463 global dis is 0.000008
iter num 464 global dis is 0.000008
iter num 465 global dis is 0.000008
iter num 466 global dis is 0.000008
iter num 467 global dis is 0.000007
iter num 468 global dis is 0.000007
iter num 469 global dis is 0.000007
iter num 470 global dis is 0.000007
iter num 471 global dis is 0.000007
iter num 472 global dis is 0.000006
iter num 473 global dis is 0.000006
iter num 474 global dis is 0.000006
iter num 475 global dis is 0.000006
iter num 476 global dis is 0.000006
iter num 477 global dis is 0.000006
iter num 478 global dis is 0.000005
iter num 479 global dis is 0.000005
iter num 480 global dis is 0.000005
iter num 481 global dis is 0.000005
iter num 482 global dis is 0.000005
iter num 483 global dis is 0.000005
iter num 484 global dis is 0.000005
iter num 485 global dis is 0.000004
iter num 486 global dis is 0.000004
iter num 487 global dis is 0.000004
iter num 488 global dis is 0.000004
iter num 489 global dis is 0.000004
iter num 490 global dis is 0.000004
iter num 491 global dis is 0.000004
iter num 492 global dis is 0.000004
iter num 493 global dis is 0.000004
iter num 494 global dis is 0.000003
iter num 495 global dis is 0.000003
iter num 496 global dis is 0.000003
iter num 497 global dis is 0.000003
iter num 498 global dis is 0.000003
iter num 499 global dis is 0.000003
iter num 500 global dis is 0.000003
iter num 501 global dis is 0.000003
iter num 502 global dis is 0.000003
iter num 503 global dis is 0.000003
iter num 504 global dis is 0.000003
iter num 505 global dis is 0.000003
iter num 506 global dis is 0.000002
iter num 507 global dis is 0.000002
iter num 508 global dis is 0.000002
iter num 509 global dis is 0.000002
iter num 510 global dis is 0.000002
iter num 511 global dis is 0.000002
iter num 512 global dis is 0.000002
iter num 513 global dis is 0.000002
iter num 514 global dis is 0.000002
iter num 515 global dis is 0.000002
iter num 516 global dis is 0.000002
iter num 517 global dis is 0.000002
iter num 518 global dis is 0.000002
iter num 519 global dis is 0.000002
iter num 520 global dis is 0.000002
iter num 521 global dis is 0.000002
iter num 522 global dis is 0.000002
iter num 523 global dis is 0.000002
iter num 524 global dis is 0.000001
iter num 525 global dis is 0.000001
iter num 526 global dis is 0.000001
iter num 527 global dis is 0.000001
iter num 528 global dis is 0.000001
iter num 529 global dis is 0.000001
iter num 530 global dis is 0.000001
iter num 531 global dis is 0.000001
iter num 532 global dis is 0.000001
iter num 533 global dis is 0.000001
iter num 534 global dis is 0.000001
iter num 535 global dis is 0.000001
iter num 536 global dis is 0.000001
iter num 537 global dis is 0.000001
iter num 538 global dis is 0.000001
iter num 539 global dis is 0.000001
iter num 540 global dis is 0.000001
iter num 541 global dis is 0.000001
iter num 542 global dis is 0.000001
iter num 543 global dis is 0.000001
iter num 544 global dis is 0.000001
iter num 545 global dis is 0.000001
iter num 546 global dis is 0.000001
iter num 547 global dis is 0.000001
iter num 548 global dis is 0.000001
iter num 549 global dis is 0.000001
iter num 550 global dis is 0.000001
iter num 551 global dis is 0.000001
iter num 552 global dis is 0.000001
iter num 553 global dis is 0.000001
iter num 554 global dis is 0.000001
iter num 555 global dis is 0.000001
iter num 556 global dis is 0.000001
iter num 557 global dis is 0.000001
iter num 558 global dis is 0.000001
iter num 559 global dis is 0.000001
iter num 560 global dis is 0.000001
iter num 561 global dis is 0.000001
iter num 562 global dis is 0.000001
iter num 563 global dis is 0.000000
iter num 564 global dis is 0.000000
iter num 565 global dis is 0.000000
iter num 566 global dis is 0.000000
iter num 567 global dis is 0.000000
iter num 568 global dis is 0.000000
iter num 569 global dis is 0.000000
iter num 570 global dis is 0.000000
iter num 571 global dis is 0.000000
iter num 572 global dis is 0.000000
iter num 573 global dis is 0.000000
iter num 574 global dis is 0.000000
iter num 575 global dis is 0.000000
iter num 576 global dis is 0.000000
iter num 577 global dis is 0.000000
iter num 578 global dis is 0.000000
iter num 579 global dis is 0.000000
iter num 580 global dis is 0.000000
iter num 581 global dis is 0.000000
iter num 582 global dis is 0.000000
iter num 583 global dis is 0.000000
iter num 584 global dis is 0.000000
iter num 585 global dis is 0.000000
iter num 586 global dis is 0.000000
iter num 587 global dis is 0.000000
iter num 588 global dis is 0.000000
iter num 589 global dis is 0.000000
iter num 590 global dis is 0.000000
iter num 591 global dis is 0.000000
iter num 592 global dis is 0.000000
iter num 593 global dis is 0.000000
iter num 594 global dis is 0.000000
iter num 595 global dis is 0.000000
iter num 596 global dis is 0.000000
iter num 597 global dis is 0.000000
iter num 598 global dis is 0.000000
iter num 599 global dis is 0.000000
iter num 600 global dis is 0.000000
iter num 601 global dis is 0.000000
iter num 602 global dis is 0.000000
iter num 603 global dis is 0.000000
iter num 604 global dis is 0.000000
iter num 605 global dis is 0.000000
iter num 606 global dis is 0.000000
iter num 607 global dis is 0.000000
iter num 608 global dis is 0.000000
iter num 609 global dis is 0.000000
iter num 610 global dis is 0.000000
iter num 611 global dis is 0.000000
iter num 612 global dis is 0.000000
iter num 613 global dis is 0.000000
iter num 614 global dis is 0.000000
iter num 615 global dis is 0.000000
iter num 616 global dis is 0.000000
iter num 617 global dis is 0.000000
iter num 618 global dis is 0.000000
iter num 619 global dis is 0.000000
iter num 620 global dis is 0.000000
iter num 621 global dis is 0.000000
iter num 622 global dis is 0.000000
iter num 623 global dis is 0.000000
iter num 624 global dis is 0.000000
iter num 625 global dis is 0.000000
iter num 626 global dis is 0.000000
iter num 627 global dis is 0.000000
iter num 628 global dis is 0.000000
iter num 629 global dis is 0.000000
iter num 630 global dis is 0.000000
iter num 631 global dis is 0.000000
iter num 632 global dis is 0.000000
iter num 633 global dis is 0.000000
iter num 634 global dis is 0.000000
iter num 635 global dis is 0.000000
iter num 636 global dis is 0.000000
iter num 637 global dis is 0.000000
iter num 638 global dis is 0.000000
iter num 639 global dis is 0.000000
iter num 640 global dis is 0.000000
iter num 641 global dis is 0.000000
iter num 642 global dis is 0.000000
iter num 643 global dis is 0.000000
iter num 644 global dis is 0.000000
iter num 645 global dis is 0.000000
iter num 646 global dis is 0.000000
iter num 647 global dis is 0.000000
iter num 648 global dis is 0.000000
iter num 649 global dis is 0.000000
iter num 650 global dis is 0.000000
iter num 651 global dis is 0.000000
iter num 652 global dis is 0.000000
iter num 653 global dis is 0.000000
iter num 654 global dis is 0.000000
iter num 655 global dis is 0.000000
iter num 656 global dis is 0.000000
iter num 657 global dis is 0.000000
iter num 658 global dis is 0.000000
iter num 659 global dis is 0.000000
iter num 660 global dis is 0.000000
iter num 661 global dis is 0.000000
iter num 662 global dis is 0.000000
iter num 663 global dis is 0.000000
iter num 664 global dis is 0.000000
iter num 665 global dis is 0.000000
iter num 666 global dis is 0.000000
iter num 667 global dis is 0.000000
iter num 668 global dis is 0.000000
iter num 669 global dis is 0.000000
iter num 670 global dis is 0.000000
iter num 671 global dis is 0.000000
iter num 672 global dis is 0.000000
iter num 673 global dis is 0.000000
iter num 674 global dis is 0.000000
iter num 675 global dis is 0.000000
iter num 676 global dis is 0.000000
iter num 677 global dis is 0.000000
iter num 678 global dis is 0.000000
iter num 679 global dis is 0.000000
iter num 680 global dis is 0.000000
iter num 681 global dis is 0.000000
iter num 682 global dis is 0.000000
iter num 683 global dis is 0.000000
iter num 684 global dis is 0.000000
iter num 685 global dis is 0.000000
iter num 686 global dis is 0.000000
iter num 687 global dis is 0.000000
iter num 688 global dis is 0.000000
iter num 689 global dis is 0.000000
iter num 690 global dis is 0.000000
iter num 691 global dis is 0.000000
iter num 692 global dis is 0.000000
iter num 693 global dis is 0.000000
iter num 694 global dis is 0.000000
iter num 695 global dis is 0.000000
iter num 696 global dis is 0.000000
iter num 697 global dis is 0.000000
iter num 698 global dis is 0.000000
iter num 699 global dis is 0.000000
iter num 700 global dis is 0.000000
iter num 701 global dis is 0.000000
iter num 702 global dis is 0.000000
iter num 703 global dis is 0.000000
iter num 704 global dis is 0.000000
iter num 705 global dis is 0.000000
iter num 706 global dis is 0.000000
iter num 707 global dis is 0.000000
iter num 708 global dis is 0.000000
iter num 709 global dis is 0.000000
iter num 710 global dis is 0.000000
iter num 711 global dis is 0.000000
iter num 712 global dis is 0.000000
iter num 713 global dis is 0.000000
iter num 714 global dis is 0.000000
iter num 715 global dis is 0.000000
iter num 716 global dis is 0.000000
iter num 717 global dis is 0.000000
iter num 718 global dis is 0.000000
iter num 719 global dis is 0.000000
iter num 720 global dis is 0.000000
iter num 721 global dis is 0.000000
iter num 722 global dis is 0.000000
iter num 723 global dis is 0.000000
iter num 724 global dis is 0.000000
iter num 725 global dis is 0.000000
iter num 726 global dis is 0.000000
iter num 727 global dis is 0.000000
iter num 728 global dis is 0.000000
iter num 729 global dis is 0.000000
iter num 730 global dis is 0.000000
iter num 731 global dis is 0.000000
iter num 732 global dis is 0.000000
iter num 733 global dis is 0.000000
iter num 734 global dis is 0.000000
iter num 735 global dis is 0.000000
iter num 736 global dis is 0.000000
iter num 737 global dis is 0.000000
iter num 738 global dis is 0.000000
iter num 739 global dis is 0.000000
iter num 740 global dis is 0.000000
iter num 741 global dis is 0.000000
iter num 742 global dis is 0.000000
iter num 743 global dis is 0.000000
iter num 744 global dis is 0.000000
iter num 745 global dis is 0.000000
iter num 746 global dis is 0.000000
iter num 747 global dis is 0.000000
iter num 748 global dis is 0.000000
iter num 749 global dis is 0.000000
iter num 750 global dis is 0.000000
iter num 751 global dis is 0.000000
iter num 752 global dis is 0.000000
iter num 753 global dis is 0.000000
iter num 754 global dis is 0.000000
iter num 755 global dis is 0.000000
iter num 756 global dis is 0.000000
iter num 757 global dis is 0.000000
iter num 758 global dis is 0.000000
iter num 759 global dis is 0.000000
iter num 760 global dis is 0.000000
iter num 761 global dis is 0.000000
iter num 762 global dis is 0.000000
iter num 763 global dis is 0.000000
iter num 764 global dis is 0.000000
iter num 765 global dis is 0.000000
iter num 766 global dis is 0.000000
iter num 767 global dis is 0.000000
iter num 768 global dis is 0.000000
iter num 769 global dis is 0.000000
iter num 770 global dis is 0.000000
iter num 771 global dis is 0.000000
iter num 772 global dis is 0.000000
iter num 773 global dis is 0.000000
iter num 774 global dis is 0.000000
iter num 775 global dis is 0.000000
iter num 776 global dis is 0.000000
iter num 777 global dis is 0.000000
iter num 778 global dis is 0.000000
iter num 779 global dis is 0.000000
iter num 780 global dis is 0.000000
iter num 781 global dis is 0.000000
iter num 782 global dis is 0.000000
iter num 783 global dis is 0.000000
cost time is 26948.070000
