iter num 0 global dis is 3.982222
iter num 1 global dis is 3.909490
iter num 2 global dis is 3.801242
iter num 3 global dis is 3.695509
iter num 4 global dis is 3.592710
iter num 5 global dis is 3.492772
iter num 6 global dis is 3.395613
iter num 7 global dis is 3.397065
iter num 8 global dis is 3.208183
iter num 9 global dis is 3.307088
iter num 10 global dis is 3.030748
iter num 11 global dis is 3.222102
iter num 12 global dis is 2.863111
iter num 13 global dis is 3.141817
iter num 14 global dis is 2.704746
iter num 15 global dis is 3.065972
iter num 16 global dis is 2.555141
iter num 17 global dis is 2.994323
iter num 18 global dis is 2.413811
iter num 19 global dis is 2.926637
iter num 20 global dis is 2.280298
l proc rank 10 tell 11 lagging
rank 11 block!
recv lagging probe from rank 10
rank 11 be rescued by 10
rescue rank 11
rank 11 waiting for rank 10 to pick itself up
rank 11 revive!,current stage is 20
activate finish
iter num 21 global dis is 2.216337
iter num 22 global dis is 2.154085
iter num 23 global dis is 2.093910
iter num 24 global dis is 2.035610
iter num 25 global dis is 1.978974
iter num 26 global dis is 1.923923
iter num 27 global dis is 1.870405
iter num 28 global dis is 1.818376
iter num 29 global dis is 1.767794
iter num 30 global dis is 1.718619
iter num 31 global dis is 1.670812
iter num 32 global dis is 1.624335
iter num 33 global dis is 1.579151
iter num 34 global dis is 1.535224
iter num 35 global dis is 1.492518
iter num 36 global dis is 1.451001
iter num 37 global dis is 1.410638
iter num 38 global dis is 1.371399
iter num 39 global dis is 1.333250
iter num 40 global dis is 1.296163
iter num 41 global dis is 1.260108
iter num 42 global dis is 1.225056
iter num 43 global dis is 1.190978
iter num 44 global dis is 1.157849
iter num 45 global dis is 1.125641
iter num 46 global dis is 1.094329
iter num 47 global dis is 1.063888
iter num 48 global dis is 1.034294
iter num 49 global dis is 1.005523
iter num 50 global dis is 0.977552
iter num 51 global dis is 0.950359
iter num 52 global dis is 0.923923
iter num 53 global dis is 0.898222
iter num 54 global dis is 0.873237
iter num 55 global dis is 0.848946
iter num 56 global dis is 0.825331
iter num 57 global dis is 0.802372
iter num 58 global dis is 0.780053
iter num 59 global dis is 0.758354
iter num 60 global dis is 0.737259
iter num 61 global dis is 0.716750
iter num 62 global dis is 0.696813
iter num 63 global dis is 0.677429
iter num 64 global dis is 0.658585
iter num 65 global dis is 0.640265
iter num 66 global dis is 0.622455
iter num 67 global dis is 0.605140
iter num 68 global dis is 0.588307
iter num 69 global dis is 0.571942
iter num 70 global dis is 0.556032
iter num 71 global dis is 0.540565
iter num 72 global dis is 0.525528
iter num 73 global dis is 0.510910
iter num 74 global dis is 0.496698
iter num 75 global dis is 0.482881
iter num 76 global dis is 0.469449
iter num 77 global dis is 0.456390
iter num 78 global dis is 0.443695
iter num 79 global dis is 0.431352
iter num 80 global dis is 0.419353
iter num 81 global dis is 0.407688
iter num 82 global dis is 0.396348
iter num 83 global dis is 0.385322
iter num 84 global dis is 0.374604
iter num 85 global dis is 0.364183
iter num 86 global dis is 0.354053
iter num 87 global dis is 0.344204
iter num 88 global dis is 0.334630
iter num 89 global dis is 0.325321
iter num 90 global dis is 0.316272
iter num 91 global dis is 0.307474
iter num 92 global dis is 0.298921
iter num 93 global dis is 0.290606
iter num 94 global dis is 0.282522
iter num 95 global dis is 0.274663
iter num 96 global dis is 0.267023
iter num 97 global dis is 0.259595
iter num 98 global dis is 0.252374
iter num 99 global dis is 0.245354
iter num 100 global dis is 0.238529
iter num 101 global dis is 0.231893
iter num 102 global dis is 0.225443
iter num 103 global dis is 0.219172
iter num 104 global dis is 0.213075
iter num 105 global dis is 0.207148
iter num 106 global dis is 0.201386
iter num 107 global dis is 0.195784
iter num 108 global dis is 0.190338
iter num 109 global dis is 0.185043
iter num 110 global dis is 0.179896
iter num 111 global dis is 0.174891
iter num 112 global dis is 0.170026
iter num 113 global dis is 0.165297
iter num 114 global dis is 0.160699
iter num 115 global dis is 0.156229
iter num 116 global dis is 0.151883
iter num 117 global dis is 0.147658
iter num 118 global dis is 0.143550
iter num 119 global dis is 0.139557
iter num 120 global dis is 0.135675
iter num 121 global dis is 0.131901
iter num 122 global dis is 0.128232
iter num 123 global dis is 0.124665
iter num 124 global dis is 0.121197
iter num 125 global dis is 0.117826
iter num 126 global dis is 0.114548
iter num 127 global dis is 0.111362
iter num 128 global dis is 0.108264
iter num 129 global dis is 0.105253
iter num 130 global dis is 0.102325
iter num 131 global dis is 0.099478
iter num 132 global dis is 0.096711
iter num 133 global dis is 0.094021
iter num 134 global dis is 0.091406
iter num 135 global dis is 0.088863
iter num 136 global dis is 0.086391
iter num 137 global dis is 0.083988
iter num 138 global dis is 0.081652
iter num 139 global dis is 0.079380
iter num 140 global dis is 0.077172
iter num 141 global dis is 0.075025
iter num 142 global dis is 0.072938
iter num 143 global dis is 0.070910
iter num 144 global dis is 0.068937
iter num 145 global dis is 0.067019
iter num 146 global dis is 0.065155
iter num 147 global dis is 0.063343
iter num 148 global dis is 0.061581
iter num 149 global dis is 0.059868
iter num 150 global dis is 0.058202
iter num 151 global dis is 0.056583
iter num 152 global dis is 0.055009
iter num 153 global dis is 0.053479
iter num 154 global dis is 0.051992
iter num 155 global dis is 0.050545
iter num 156 global dis is 0.049139
iter num 157 global dis is 0.047772
iter num 158 global dis is 0.046444
iter num 159 global dis is 0.045152
iter num 160 global dis is 0.043896
iter num 161 global dis is 0.042675
iter num 162 global dis is 0.041487
iter num 163 global dis is 0.040333
iter num 164 global dis is 0.039211
iter num 165 global dis is 0.038121
iter num 166 global dis is 0.037060
iter num 167 global dis is 0.036029
iter num 168 global dis is 0.035027
iter num 169 global dis is 0.034053
iter num 170 global dis is 0.033106
iter num 171 global dis is 0.032185
iter num 172 global dis is 0.031289
iter num 173 global dis is 0.030419
iter num 174 global dis is 0.029573
iter num 175 global dis is 0.028750
iter num 176 global dis is 0.027950
iter num 177 global dis is 0.027173
iter num 178 global dis is 0.026417
iter num 179 global dis is 0.025682
iter num 180 global dis is 0.024968
iter num 181 global dis is 0.024273
iter num 182 global dis is 0.023598
iter num 183 global dis is 0.022942
iter num 184 global dis is 0.022304
iter num 185 global dis is 0.021683
iter num 186 global dis is 0.021080
iter num 187 global dis is 0.020494
iter num 188 global dis is 0.019923
iter num 189 global dis is 0.019369
iter num 190 global dis is 0.018830
iter num 191 global dis is 0.018307
iter num 192 global dis is 0.017797
iter num 193 global dis is 0.017302
iter num 194 global dis is 0.016821
iter num 195 global dis is 0.016353
iter num 196 global dis is 0.015898
iter num 197 global dis is 0.015456
iter num 198 global dis is 0.015026
iter num 199 global dis is 0.014608
iter num 200 global dis is 0.014202
iter num 201 global dis is 0.013807
iter num 202 global dis is 0.013423
iter num 203 global dis is 0.013049
iter num 204 global dis is 0.012686
iter num 205 global dis is 0.012333
iter num 206 global dis is 0.011990
iter num 207 global dis is 0.011657
iter num 208 global dis is 0.011332
iter num 209 global dis is 0.011017
iter num 210 global dis is 0.010711
iter num 211 global dis is 0.010413
iter num 212 global dis is 0.010123
iter num 213 global dis is 0.009842
iter num 214 global dis is 0.009568
iter num 215 global dis is 0.009302
iter num 216 global dis is 0.009043
iter num 217 global dis is 0.008791
iter num 218 global dis is 0.008547
iter num 219 global dis is 0.008309
iter num 220 global dis is 0.008078
iter num 221 global dis is 0.007853
iter num 222 global dis is 0.007635
iter num 223 global dis is 0.007422
iter num 224 global dis is 0.007216
iter num 225 global dis is 0.007015
iter num 226 global dis is 0.006820
iter num 227 global dis is 0.006630
iter num 228 global dis is 0.006446
iter num 229 global dis is 0.006267
iter num 230 global dis is 0.006092
iter num 231 global dis is 0.005923
iter num 232 global dis is 0.005758
iter num 233 global dis is 0.005598
iter num 234 global dis is 0.005442
iter num 235 global dis is 0.005291
iter num 236 global dis is 0.005144
iter num 237 global dis is 0.005001
iter num 238 global dis is 0.004861
iter num 239 global dis is 0.004726
iter num 240 global dis is 0.004595
iter num 241 global dis is 0.004467
iter num 242 global dis is 0.004343
iter num 243 global dis is 0.004222
iter num 244 global dis is 0.004104
iter num 245 global dis is 0.003990
iter num 246 global dis is 0.003879
iter num 247 global dis is 0.003771
iter num 248 global dis is 0.003666
iter num 249 global dis is 0.003564
iter num 250 global dis is 0.003465
iter num 251 global dis is 0.003369
iter num 252 global dis is 0.003275
iter num 253 global dis is 0.003184
iter num 254 global dis is 0.003096
iter num 255 global dis is 0.003009
iter num 256 global dis is 0.002926
iter num 257 global dis is 0.002844
iter num 258 global dis is 0.002765
iter num 259 global dis is 0.002688
iter num 260 global dis is 0.002613
iter num 261 global dis is 0.002541
iter num 262 global dis is 0.002470
iter num 263 global dis is 0.002401
iter num 264 global dis is 0.002335
iter num 265 global dis is 0.002270
iter num 266 global dis is 0.002207
iter num 267 global dis is 0.002145
iter num 268 global dis is 0.002085
iter num 269 global dis is 0.002027
iter num 270 global dis is 0.001971
iter num 271 global dis is 0.001916
iter num 272 global dis is 0.001863
iter num 273 global dis is 0.001811
iter num 274 global dis is 0.001761
iter num 275 global dis is 0.001712
iter num 276 global dis is 0.001664
iter num 277 global dis is 0.001618
iter num 278 global dis is 0.001573
iter num 279 global dis is 0.001529
iter num 280 global dis is 0.001487
iter num 281 global dis is 0.001445
iter num 282 global dis is 0.001405
iter num 283 global dis is 0.001366
iter num 284 global dis is 0.001328
iter num 285 global dis is 0.001291
iter num 286 global dis is 0.001255
iter num 287 global dis is 0.001220
iter num 288 global dis is 0.001186
iter num 289 global dis is 0.001153
iter num 290 global dis is 0.001121
iter num 291 global dis is 0.001090
iter num 292 global dis is 0.001060
iter num 293 global dis is 0.001030
iter num 294 global dis is 0.001002
iter num 295 global dis is 0.000974
iter num 296 global dis is 0.000947
iter num 297 global dis is 0.000920
iter num 298 global dis is 0.000895
iter num 299 global dis is 0.000870
iter num 300 global dis is 0.000846
iter num 301 global dis is 0.000822
iter num 302 global dis is 0.000799
iter num 303 global dis is 0.000777
iter num 304 global dis is 0.000755
iter num 305 global dis is 0.000734
iter num 306 global dis is 0.000714
iter num 307 global dis is 0.000694
iter num 308 global dis is 0.000675
iter num 309 global dis is 0.000656
iter num 310 global dis is 0.000638
iter num 311 global dis is 0.000620
iter num 312 global dis is 0.000603
iter num 313 global dis is 0.000586
iter num 314 global dis is 0.000570
iter num 315 global dis is 0.000554
iter num 316 global dis is 0.000538
iter num 317 global dis is 0.000523
iter num 318 global dis is 0.000509
iter num 319 global dis is 0.000495
iter num 320 global dis is 0.000481
iter num 321 global dis is 0.000468
iter num 322 global dis is 0.000455
iter num 323 global dis is 0.000442
iter num 324 global dis is 0.000430
iter num 325 global dis is 0.000418
iter num 326 global dis is 0.000406
iter num 327 global dis is 0.000395
iter num 328 global dis is 0.000384
iter num 329 global dis is 0.000373
iter num 330 global dis is 0.000363
iter num 331 global dis is 0.000353
iter num 332 global dis is 0.000343
iter num 333 global dis is 0.000333
iter num 334 global dis is 0.000324
iter num 335 global dis is 0.000315
iter num 336 global dis is 0.000306
iter num 337 global dis is 0.000298
iter num 338 global dis is 0.000289
iter num 339 global dis is 0.000281
iter num 340 global dis is 0.000274
iter num 341 global dis is 0.000266
iter num 342 global dis is 0.000259
iter num 343 global dis is 0.000251
iter num 344 global dis is 0.000244
iter num 345 global dis is 0.000238
iter num 346 global dis is 0.000231
iter num 347 global dis is 0.000225
iter num 348 global dis is 0.000218
iter num 349 global dis is 0.000212
iter num 350 global dis is 0.000206
iter num 351 global dis is 0.000201
iter num 352 global dis is 0.000195
iter num 353 global dis is 0.000190
iter num 354 global dis is 0.000184
iter num 355 global dis is 0.000179
iter num 356 global dis is 0.000174
iter num 357 global dis is 0.000169
iter num 358 global dis is 0.000165
iter num 359 global dis is 0.000160
iter num 360 global dis is 0.000156
iter num 361 global dis is 0.000151
iter num 362 global dis is 0.000147
iter num 363 global dis is 0.000143
iter num 364 global dis is 0.000139
iter num 365 global dis is 0.000135
iter num 366 global dis is 0.000131
iter num 367 global dis is 0.000128
iter num 368 global dis is 0.000124
iter num 369 global dis is 0.000121
iter num 370 global dis is 0.000117
iter num 371 global dis is 0.000114
iter num 372 global dis is 0.000111
iter num 373 global dis is 0.000108
iter num 374 global dis is 0.000105
iter num 375 global dis is 0.000102
iter num 376 global dis is 0.000099
iter num 377 global dis is 0.000096
iter num 378 global dis is 0.000094
iter num 379 global dis is 0.000091
iter num 380 global dis is 0.000089
iter num 381 global dis is 0.000086
iter num 382 global dis is 0.000084
iter num 383 global dis is 0.000081
iter num 384 global dis is 0.000079
iter num 385 global dis is 0.000077
iter num 386 global dis is 0.000075
iter num 387 global dis is 0.000073
iter num 388 global dis is 0.000071
iter num 389 global dis is 0.000069
iter num 390 global dis is 0.000067
iter num 391 global dis is 0.000065
iter num 392 global dis is 0.000063
iter num 393 global dis is 0.000061
iter num 394 global dis is 0.000060
iter num 395 global dis is 0.000058
iter num 396 global dis is 0.000056
iter num 397 global dis is 0.000055
iter num 398 global dis is 0.000053
iter num 399 global dis is 0.000052
iter num 400 global dis is 0.000050
iter num 401 global dis is 0.000049
iter num 402 global dis is 0.000048
iter num 403 global dis is 0.000046
iter num 404 global dis is 0.000045
iter num 405 global dis is 0.000044
iter num 406 global dis is 0.000043
iter num 407 global dis is 0.000041
iter num 408 global dis is 0.000040
iter num 409 global dis is 0.000039
iter num 410 global dis is 0.000038
iter num 411 global dis is 0.000037
iter num 412 global dis is 0.000036
iter num 413 global dis is 0.000035
iter num 414 global dis is 0.000034
iter num 415 global dis is 0.000033
iter num 416 global dis is 0.000032
iter num 417 global dis is 0.000031
iter num 418 global dis is 0.000030
iter num 419 global dis is 0.000029
iter num 420 global dis is 0.000029
iter num 421 global dis is 0.000028
iter num 422 global dis is 0.000027
iter num 423 global dis is 0.000026
iter num 424 global dis is 0.000026
iter num 425 global dis is 0.000025
iter num 426 global dis is 0.000024
iter num 427 global dis is 0.000024
iter num 428 global dis is 0.000023
iter num 429 global dis is 0.000022
iter num 430 global dis is 0.000022
iter num 431 global dis is 0.000021
iter num 432 global dis is 0.000020
iter num 433 global dis is 0.000020
iter num 434 global dis is 0.000019
iter num 435 global dis is 0.000019
iter num 436 global dis is 0.000018
iter num 437 global dis is 0.000018
iter num 438 global dis is 0.000017
iter num 439 global dis is 0.000017
iter num 440 global dis is 0.000016
iter num 441 global dis is 0.000016
iter num 442 global dis is 0.000015
iter num 443 global dis is 0.000015
iter num 444 global dis is 0.000015
iter num 445 global dis is 0.000014
iter num 446 global dis is 0.000014
iter num 447 global dis is 0.000013
iter num 448 global dis is 0.000013
iter num 449 global dis is 0.000013
iter num 450 global dis is 0.000012
iter num 451 global dis is 0.000012
iter num 452 global dis is 0.000012
iter num 453 global dis is 0.000011
iter num 454 global dis is 0.000011
iter num 455 global dis is 0.000011
iter num 456 global dis is 0.000010
iter num 457 global dis is 0.000010
iter num 458 global dis is 0.000010
iter num 459 global dis is 0.000010
iter num 460 global dis is 0.000009
iter num 461 global dis is 0.000009
iter num 462 global dis is 0.000009
iter num 463 global dis is 0.000009
iter num 464 global dis is 0.000008
iter num 465 global dis is 0.000008
iter num 466 global dis is 0.000008
iter num 467 global dis is 0.000008
iter num 468 global dis is 0.000007
iter num 469 global dis is 0.000007
iter num 470 global dis is 0.000007
iter num 471 global dis is 0.000007
iter num 472 global dis is 0.000007
iter num 473 global dis is 0.000006
iter num 474 global dis is 0.000006
iter num 475 global dis is 0.000006
iter num 476 global dis is 0.000006
iter num 477 global dis is 0.000006
iter num 478 global dis is 0.000006
iter num 479 global dis is 0.000005
iter num 480 global dis is 0.000005
iter num 481 global dis is 0.000005
iter num 482 global dis is 0.000005
iter num 483 global dis is 0.000005
iter num 484 global dis is 0.000005
iter num 485 global dis is 0.000005
iter num 486 global dis is 0.000004
iter num 487 global dis is 0.000004
iter num 488 global dis is 0.000004
iter num 489 global dis is 0.000004
iter num 490 global dis is 0.000004
iter num 491 global dis is 0.000004
iter num 492 global dis is 0.000004
iter num 493 global dis is 0.000004
iter num 494 global dis is 0.000004
iter num 495 global dis is 0.000003
iter num 496 global dis is 0.000003
iter num 497 global dis is 0.000003
iter num 498 global dis is 0.000003
iter num 499 global dis is 0.000003
iter num 500 global dis is 0.000003
iter num 501 global dis is 0.000003
iter num 502 global dis is 0.000003
iter num 503 global dis is 0.000003
iter num 504 global dis is 0.000003
iter num 505 global dis is 0.000003
iter num 506 global dis is 0.000003
iter num 507 global dis is 0.000002
iter num 508 global dis is 0.000002
iter num 509 global dis is 0.000002
iter num 510 global dis is 0.000002
iter num 511 global dis is 0.000002
iter num 512 global dis is 0.000002
iter num 513 global dis is 0.000002
iter num 514 global dis is 0.000002
iter num 515 global dis is 0.000002
iter num 516 global dis is 0.000002
iter num 517 global dis is 0.000002
iter num 518 global dis is 0.000002
iter num 519 global dis is 0.000002
iter num 520 global dis is 0.000002
iter num 521 global dis is 0.000002
iter num 522 global dis is 0.000002
iter num 523 global dis is 0.000002
iter num 524 global dis is 0.000002
iter num 525 global dis is 0.000001
iter num 526 global dis is 0.000001
iter num 527 global dis is 0.000001
iter num 528 global dis is 0.000001
iter num 529 global dis is 0.000001
iter num 530 global dis is 0.000001
iter num 531 global dis is 0.000001
iter num 532 global dis is 0.000001
iter num 533 global dis is 0.000001
iter num 534 global dis is 0.000001
iter num 535 global dis is 0.000001
iter num 536 global dis is 0.000001
iter num 537 global dis is 0.000001
iter num 538 global dis is 0.000001
iter num 539 global dis is 0.000001
iter num 540 global dis is 0.000001
iter num 541 global dis is 0.000001
iter num 542 global dis is 0.000001
iter num 543 global dis is 0.000001
iter num 544 global dis is 0.000001
iter num 545 global dis is 0.000001
iter num 546 global dis is 0.000001
iter num 547 global dis is 0.000001
iter num 548 global dis is 0.000001
iter num 549 global dis is 0.000001
iter num 550 global dis is 0.000001
iter num 551 global dis is 0.000001
iter num 552 global dis is 0.000001
iter num 553 global dis is 0.000001
iter num 554 global dis is 0.000001
iter num 555 global dis is 0.000001
iter num 556 global dis is 0.000001
iter num 557 global dis is 0.000001
iter num 558 global dis is 0.000001
iter num 559 global dis is 0.000001
iter num 560 global dis is 0.000001
iter num 561 global dis is 0.000001
iter num 562 global dis is 0.000001
iter num 563 global dis is 0.000001
iter num 564 global dis is 0.000000
iter num 565 global dis is 0.000000
iter num 566 global dis is 0.000000
iter num 567 global dis is 0.000000
iter num 568 global dis is 0.000000
iter num 569 global dis is 0.000000
iter num 570 global dis is 0.000000
iter num 571 global dis is 0.000000
iter num 572 global dis is 0.000000
iter num 573 global dis is 0.000000
iter num 574 global dis is 0.000000
iter num 575 global dis is 0.000000
iter num 576 global dis is 0.000000
iter num 577 global dis is 0.000000
iter num 578 global dis is 0.000000
iter num 579 global dis is 0.000000
iter num 580 global dis is 0.000000
iter num 581 global dis is 0.000000
iter num 582 global dis is 0.000000
iter num 583 global dis is 0.000000
iter num 584 global dis is 0.000000
iter num 585 global dis is 0.000000
iter num 586 global dis is 0.000000
iter num 587 global dis is 0.000000
iter num 588 global dis is 0.000000
iter num 589 global dis is 0.000000
iter num 590 global dis is 0.000000
iter num 591 global dis is 0.000000
iter num 592 global dis is 0.000000
iter num 593 global dis is 0.000000
iter num 594 global dis is 0.000000
iter num 595 global dis is 0.000000
iter num 596 global dis is 0.000000
iter num 597 global dis is 0.000000
iter num 598 global dis is 0.000000
iter num 599 global dis is 0.000000
iter num 600 global dis is 0.000000
iter num 601 global dis is 0.000000
iter num 602 global dis is 0.000000
iter num 603 global dis is 0.000000
iter num 604 global dis is 0.000000
iter num 605 global dis is 0.000000
iter num 606 global dis is 0.000000
iter num 607 global dis is 0.000000
iter num 608 global dis is 0.000000
iter num 609 global dis is 0.000000
iter num 610 global dis is 0.000000
iter num 611 global dis is 0.000000
iter num 612 global dis is 0.000000
iter num 613 global dis is 0.000000
iter num 614 global dis is 0.000000
iter num 615 global dis is 0.000000
iter num 616 global dis is 0.000000
iter num 617 global dis is 0.000000
iter num 618 global dis is 0.000000
iter num 619 global dis is 0.000000
iter num 620 global dis is 0.000000
iter num 621 global dis is 0.000000
iter num 622 global dis is 0.000000
iter num 623 global dis is 0.000000
iter num 624 global dis is 0.000000
iter num 625 global dis is 0.000000
iter num 626 global dis is 0.000000
iter num 627 global dis is 0.000000
iter num 628 global dis is 0.000000
iter num 629 global dis is 0.000000
iter num 630 global dis is 0.000000
iter num 631 global dis is 0.000000
iter num 632 global dis is 0.000000
iter num 633 global dis is 0.000000
iter num 634 global dis is 0.000000
iter num 635 global dis is 0.000000
iter num 636 global dis is 0.000000
iter num 637 global dis is 0.000000
iter num 638 global dis is 0.000000
iter num 639 global dis is 0.000000
iter num 640 global dis is 0.000000
iter num 641 global dis is 0.000000
iter num 642 global dis is 0.000000
iter num 643 global dis is 0.000000
iter num 644 global dis is 0.000000
iter num 645 global dis is 0.000000
iter num 646 global dis is 0.000000
iter num 647 global dis is 0.000000
iter num 648 global dis is 0.000000
iter num 649 global dis is 0.000000
iter num 650 global dis is 0.000000
iter num 651 global dis is 0.000000
iter num 652 global dis is 0.000000
iter num 653 global dis is 0.000000
iter num 654 global dis is 0.000000
iter num 655 global dis is 0.000000
iter num 656 global dis is 0.000000
iter num 657 global dis is 0.000000
iter num 658 global dis is 0.000000
iter num 659 global dis is 0.000000
iter num 660 global dis is 0.000000
iter num 661 global dis is 0.000000
iter num 662 global dis is 0.000000
iter num 663 global dis is 0.000000
iter num 664 global dis is 0.000000
iter num 665 global dis is 0.000000
iter num 666 global dis is 0.000000
iter num 667 global dis is 0.000000
iter num 668 global dis is 0.000000
iter num 669 global dis is 0.000000
iter num 670 global dis is 0.000000
iter num 671 global dis is 0.000000
iter num 672 global dis is 0.000000
iter num 673 global dis is 0.000000
iter num 674 global dis is 0.000000
iter num 675 global dis is 0.000000
iter num 676 global dis is 0.000000
iter num 677 global dis is 0.000000
iter num 678 global dis is 0.000000
iter num 679 global dis is 0.000000
iter num 680 global dis is 0.000000
iter num 681 global dis is 0.000000
iter num 682 global dis is 0.000000
iter num 683 global dis is 0.000000
iter num 684 global dis is 0.000000
iter num 685 global dis is 0.000000
iter num 686 global dis is 0.000000
iter num 687 global dis is 0.000000
iter num 688 global dis is 0.000000
iter num 689 global dis is 0.000000
iter num 690 global dis is 0.000000
iter num 691 global dis is 0.000000
iter num 692 global dis is 0.000000
iter num 693 global dis is 0.000000
iter num 694 global dis is 0.000000
iter num 695 global dis is 0.000000
iter num 696 global dis is 0.000000
iter num 697 global dis is 0.000000
iter num 698 global dis is 0.000000
iter num 699 global dis is 0.000000
iter num 700 global dis is 0.000000
iter num 701 global dis is 0.000000
iter num 702 global dis is 0.000000
iter num 703 global dis is 0.000000
iter num 704 global dis is 0.000000
iter num 705 global dis is 0.000000
iter num 706 global dis is 0.000000
iter num 707 global dis is 0.000000
iter num 708 global dis is 0.000000
iter num 709 global dis is 0.000000
iter num 710 global dis is 0.000000
iter num 711 global dis is 0.000000
iter num 712 global dis is 0.000000
iter num 713 global dis is 0.000000
iter num 714 global dis is 0.000000
iter num 715 global dis is 0.000000
iter num 716 global dis is 0.000000
iter num 717 global dis is 0.000000
iter num 718 global dis is 0.000000
iter num 719 global dis is 0.000000
iter num 720 global dis is 0.000000
iter num 721 global dis is 0.000000
iter num 722 global dis is 0.000000
iter num 723 global dis is 0.000000
iter num 724 global dis is 0.000000
iter num 725 global dis is 0.000000
iter num 726 global dis is 0.000000
iter num 727 global dis is 0.000000
iter num 728 global dis is 0.000000
iter num 729 global dis is 0.000000
iter num 730 global dis is 0.000000
iter num 731 global dis is 0.000000
iter num 732 global dis is 0.000000
iter num 733 global dis is 0.000000
iter num 734 global dis is 0.000000
iter num 735 global dis is 0.000000
iter num 736 global dis is 0.000000
iter num 737 global dis is 0.000000
iter num 738 global dis is 0.000000
iter num 739 global dis is 0.000000
iter num 740 global dis is 0.000000
iter num 741 global dis is 0.000000
iter num 742 global dis is 0.000000
iter num 743 global dis is 0.000000
iter num 744 global dis is 0.000000
iter num 745 global dis is 0.000000
iter num 746 global dis is 0.000000
iter num 747 global dis is 0.000000
iter num 748 global dis is 0.000000
iter num 749 global dis is 0.000000
iter num 750 global dis is 0.000000
iter num 751 global dis is 0.000000
iter num 752 global dis is 0.000000
iter num 753 global dis is 0.000000
iter num 754 global dis is 0.000000
iter num 755 global dis is 0.000000
iter num 756 global dis is 0.000000
iter num 757 global dis is 0.000000
iter num 758 global dis is 0.000000
iter num 759 global dis is 0.000000
iter num 760 global dis is 0.000000
iter num 761 global dis is 0.000000
iter num 762 global dis is 0.000000
iter num 763 global dis is 0.000000
iter num 764 global dis is 0.000000
iter num 765 global dis is 0.000000
iter num 766 global dis is 0.000000
iter num 767 global dis is 0.000000
iter num 768 global dis is 0.000000
iter num 769 global dis is 0.000000
iter num 770 global dis is 0.000000
iter num 771 global dis is 0.000000
iter num 772 global dis is 0.000000
iter num 773 global dis is 0.000000
iter num 774 global dis is 0.000000
iter num 775 global dis is 0.000000
iter num 776 global dis is 0.000000
iter num 777 global dis is 0.000000
iter num 778 global dis is 0.000000
iter num 779 global dis is 0.000000
iter num 780 global dis is 0.000000
iter num 781 global dis is 0.000000
iter num 782 global dis is 0.000000
iter num 783 global dis is 0.000000
iter num 784 global dis is 0.000000
cost time is 36780.654000
